[16:59:49] [ServerMain/INFO]: [bootstrap] Running Java 21 (OpenJDK 64-Bit Server VM 21.0.4+7-Ubuntu-1ubuntu224.04; Ubuntu null) on Linux 6.8.0-48-generic (amd64)
[16:59:49] [ServerMain/INFO]: [bootstrap] Loading Paper 1.21.1-128-master@d348cb8 (2024-10-21T16:23:24Z) for Minecraft 1.21.1
[16:59:51] [ServerMain/INFO]: [PluginInitializerManager] Initializing plugins...
[16:59:53] [ServerMain/INFO]: [PluginInitializerManager] Initialized 5 plugins
[16:59:53] [ServerMain/INFO]: [PluginInitializerManager] Bukkit plugins (5):
 - Geyser-Spigot (2.4.4-SNAPSHOT), JustTPA (v20240824-beta), LightAntiCheat (1.2.6), ViaVersion (5.1.0), floodgate (2.2.3-SNAPSHOT (b113-06f2ed9))
[17:00:04] [ServerMain/INFO]: Environment: Environment[sessionHost=https://sessionserver.mojang.com, servicesHost=https://api.minecraftservices.com, name=PROD]
[17:00:05] [ServerMain/INFO]: Found new data pack file/bukkit, loading it automatically
[17:00:05] [ServerMain/INFO]: Found new data pack paper, loading it automatically
[17:00:07] [ServerMain/INFO]: No existing world data, creating new world
[17:00:10] [ServerMain/INFO]: Loaded 1290 recipes
[17:00:10] [ServerMain/INFO]: Loaded 1399 advancements
[17:00:11] [Server thread/INFO]: Starting minecraft server version 1.21.1
[17:00:11] [Server thread/WARN]: ****************************
[17:00:11] [Server thread/WARN]: YOU ARE RUNNING THIS SERVER AS AN ADMINISTRATIVE OR ROOT USER. THIS IS NOT ADVISED.
[17:00:11] [Server thread/WARN]: YOU ARE OPENING YOURSELF UP TO POTENTIAL RISKS WHEN DOING THIS.
[17:00:11] [Server thread/WARN]: FOR MORE INFORMATION, SEE https://madelinemiller.dev/blog/root-minecraft-server/
[17:00:11] [Server thread/WARN]: ****************************
[17:00:11] [Server thread/INFO]: Loading properties
[17:00:11] [Server thread/INFO]: This server is running Paper version 1.21.1-128-master@d348cb8 (2024-10-21T16:23:24Z) (Implementing API version 1.21.1-R0.1-SNAPSHOT)
[17:00:13] [Server thread/INFO]: [spark] This server bundles the spark profiler. For more information please visit https://docs.papermc.io/paper/profiling
[17:00:13] [Server thread/INFO]: Server Ping Player Sample Count: 12
[17:00:13] [Server thread/INFO]: Using 4 threads for Netty based IO
[17:00:16] [Server thread/INFO]: [ChunkTaskScheduler] Chunk system is using 1 I/O threads, 1 worker threads, and population gen parallelism of 1 threads
[17:00:17] [Server thread/INFO]: Default game type: SURVIVAL
[17:00:17] [Server thread/INFO]: Generating keypair
[17:00:17] [Server thread/INFO]: Starting Minecraft server on 23.239.17.165:25565
[17:00:17] [Server thread/INFO]: Using epoll channel type
[17:00:17] [Server thread/INFO]: Paper: Using libdeflate (Linux x86_64) compression from Velocity.
[17:00:17] [Server thread/INFO]: Paper: Using OpenSSL 3.x.x (Linux x86_64) cipher from Velocity.
[17:00:18] [Server thread/INFO]: [floodgate] Loading server plugin floodgate v2.2.3-SNAPSHOT (b113-06f2ed9)
[17:00:21] [Server thread/INFO]: [floodgate] Took 2,460ms to boot Floodgate
[17:00:21] [Server thread/INFO]: [ViaVersion] Loading server plugin ViaVersion v5.1.0
[17:00:21] [Server thread/INFO]: [ViaVersion] ViaVersion 5.1.0 is now loaded. Registering protocol transformers and injecting...
[17:00:22] [Via-Mappingloader-0/INFO]: [ViaVersion] Loading block connection mappings ...
[17:00:23] [Via-Mappingloader-0/INFO]: [ViaVersion] Using FastUtil Long2ObjectOpenHashMap for block connections
[17:00:24] [Server thread/INFO]: [Geyser-Spigot] Loading server plugin Geyser-Spigot v2.4.4-SNAPSHOT
[17:00:26] [Server thread/INFO]: [Geyser-Spigot] Loading extensions...
[17:00:26] [Server thread/INFO]: [Geyser-Spigot] Loaded 0 extension(s)
[17:00:26] [Server thread/INFO]: [LightAntiCheat] Loading server plugin LightAntiCheat v1.2.6
[17:00:26] [Server thread/INFO]: [JustTPA] Loading server plugin JustTPA vv20240824-beta
[17:00:26] [Server thread/INFO]: Server permissions file permissions.yml is empty, ignoring it
[17:00:26] [Server thread/INFO]: Preparing level "Nasakills server"
[17:00:58] [Server thread/INFO]: Preparing start region for dimension minecraft:overworld
[17:01:23] [Server thread/INFO]: Time elapsed: 25121 ms
[17:01:23] [Server thread/INFO]: Preparing start region for dimension minecraft:the_nether
[17:01:28] [Server thread/INFO]: Time elapsed: 4379 ms
[17:01:28] [Server thread/INFO]: Preparing start region for dimension minecraft:the_end
[17:01:30] [Server thread/INFO]: Time elapsed: 2187 ms
[17:01:30] [Server thread/INFO]: [floodgate] Enabling floodgate v2.2.3-SNAPSHOT (b113-06f2ed9)
[17:01:31] [Server thread/INFO]: [ViaVersion] Enabling ViaVersion v5.1.0
[17:01:31] [Server thread/INFO]: [ViaVersion] ViaVersion detected server version: 1.21-1.21.1 (767)
[17:01:31] [Server thread/INFO]: [Geyser-Spigot] Enabling Geyser-Spigot v2.4.4-SNAPSHOT
[17:01:32] [Server thread/INFO]: [LightAntiCheat] Enabling LightAntiCheat v1.2.6
[17:01:33] [Server thread/INFO]: [JustTPA] Enabling JustTPA vv20240824-beta
[17:01:33] [Server thread/INFO]: [JustTPA] JustTPA initialized
[17:01:33] [Server thread/INFO]: [JustTPA] bStats enabled
[17:01:33] [Server thread/INFO]: [JustTPA] Checking for updates...
[17:01:33] [Server thread/INFO]: [spark] Starting background profiler...
[17:01:33] [Server thread/INFO]: [Geyser-Spigot] ******************************************
[17:01:33] [Server thread/INFO]: [Geyser-Spigot] 
[17:01:33] [Server thread/INFO]: [Geyser-Spigot] Loading Geyser version 2.4.4-b699 (git-master-3f60db1)
[17:01:33] [Server thread/INFO]: [Geyser-Spigot] 
[17:01:33] [Server thread/INFO]: [Geyser-Spigot] ******************************************
[17:01:48] [Server thread/INFO]: [Geyser-Spigot] Started Geyser on UDP port 25565
[17:01:48] [Server thread/INFO]: [Geyser-Spigot] Done (14.716s)! Run /geyser help for help!
[17:01:48] [Server thread/INFO]: Done preparing level "Nasakills server" (82.789s)
[17:01:48] [Server thread/INFO]: Running delayed init tasks
[17:01:48] [Craft Scheduler Thread - 5 - ViaVersion/INFO]: [ViaVersion] Finished mapping loading, shutting down loader executor.
[17:01:48] [Server thread/INFO]: Done (121.600s)! For help, type "help"
[17:01:49] [Server thread/INFO]: Timings Reset
[17:01:49] [Server thread/WARN]: [ViaVersion] There is a newer plugin version available: 5.1.1, you're on: 5.1.0
[17:01:49] [Craft Scheduler Thread - 6 - JustTPA/INFO]: [JustTPA] You are using the latest version for your server.
[17:03:13] [User Authenticator #0/INFO]: UUID of player NASAKILL is a44e35f0-2af3-49fe-a1a4-927c7be319a1
[17:03:18] [Server thread/INFO]: NASAKILL joined the game
[17:03:18] [Server thread/INFO]: NASAKILL[/172.56.69.88:55615] logged in with entity id 70 at ([Nasakills server]7.5, 80.0, -7.5)
[17:04:02] [Server thread/INFO]: NASAKILL issued server command: /tick freeze
[17:04:02] [Server thread/INFO]: [NASAKILL: The game is frozen]
[17:04:11] [Server thread/INFO]: NASAKILL issued server command: /gamemode creative
[17:04:11] [Server thread/INFO]: [NASAKILL: Set own game mode to Creative Mode]
[17:04:16] [Server thread/INFO]: NASAKILL issued server command: /gamemode spectator
[17:04:16] [Server thread/INFO]: [NASAKILL: Set own game mode to Spectator Mode]
[17:12:12] [Server thread/INFO]: NASAKILL issued server command: /deop Proishnoob7910
[17:12:18] [User Authenticator #1/INFO]: UUID of player ThatDomino1 is 6e777e65-20b9-4e62-a8cb-1cb2a718b7ff
[17:12:19] [Server thread/INFO]: ThatDomino1 joined the game
[17:12:19] [Server thread/INFO]: ThatDomino1[/24.2.189.149:60420] logged in with entity id 561 at ([Nasakills server]7.5, 78.0, -0.5)
[17:12:23] [Async Chat Thread - #1/INFO]: <NASAKILL> hi
[17:12:25] [Async Chat Thread - #1/INFO]: <ThatDomino1> hi
[17:12:31] [Server thread/INFO]: NASAKILL issued server command: /tp ThatDomino1
[17:12:31] [Server thread/INFO]: [NASAKILL: Teleported NASAKILL to ThatDomino1]
[17:12:37] [Server thread/INFO]: NASAKILL issued server command: /gamemode survival
[17:12:37] [Server thread/INFO]: [NASAKILL: Set own game mode to Survival Mode]
[17:13:02] [Async Chat Thread - #1/INFO]: <NASAKILL> if you beat the game you get /op
[17:13:15] [Async Chat Thread - #1/INFO]: <ThatDomino1> yik
[17:13:23] [Server thread/INFO]: NASAKILL issued server command: /tick unfreeze
[17:13:23] [Server thread/INFO]: [NASAKILL: The game is running normally]
[17:13:32] [Server thread/WARN]: Can't keep up! Is the server overloaded? Running 2554ms or 51 ticks behind
[17:14:58] [Server thread/INFO]: NASAKILL issued server command: /gamerule keepInventory true
[17:14:58] [Server thread/INFO]: [NASAKILL: Gamerule keepInventory is now set to: true]
[17:15:11] [Async Chat Thread - #3/INFO]: <NASAKILL> yw in advance
[17:15:34] [Server thread/INFO]: NASAKILL has made the advancement [Stone Age]
[17:15:42] [Async Chat Thread - #3/INFO]: <NASAKILL> java or bedock?
[17:15:44] [Async Chat Thread - #3/INFO]: <ThatDomino1> java
[17:15:50] [Server thread/INFO]: (Light) ThatDomino1 was flagged for CriticalsA (1/1)
[17:15:50] [Server thread/INFO]: (Light) ThatDomino1 was punished for CriticalsA
[17:15:50] [Server thread/INFO]: (Light) ThatDomino1 was flagged for CriticalsA (1/1)
[17:15:50] [Server thread/INFO]: (Light) ThatDomino1 was punished for CriticalsA
[17:15:50] [Server thread/INFO]: ThatDomino1 lost connection: CriticalsA
[17:15:50] [Server thread/INFO]: ThatDomino1 left the game
[17:15:50] [Server thread/INFO]: Kicked ThatDomino1: CriticalsA
[17:15:50] [Server thread/INFO]: No player was found
[17:15:54] [User Authenticator #2/INFO]: UUID of player ThatDomino1 is 6e777e65-20b9-4e62-a8cb-1cb2a718b7ff
[17:15:55] [Server thread/INFO]: ThatDomino1 joined the game
[17:15:55] [Server thread/INFO]: ThatDomino1[/24.2.189.149:63851] logged in with entity id 1107 at ([Nasakills server]5.846256735587013, 124.07966092923311, 70.07081569672283)
[17:16:00] [Async Chat Thread - #3/INFO]: <NASAKILL> useing hacks?
[17:16:05] [Async Chat Thread - #4/INFO]: <ThatDomino1> i have fabric
[17:16:09] [Async Chat Thread - #3/INFO]: <NASAKILL> mod spawner day one!
[17:16:17] [Async Chat Thread - #5/INFO]: <ThatDomino1> also i found a trail ruin
[17:16:29] [Async Chat Thread - #5/INFO]: <NASAKILL> try to /tpa to me
[17:16:47] [Server thread/INFO]: ThatDomino1 issued server command: /tpa NASAKILL
[17:16:52] [Server thread/INFO]: NASAKILL issued server command: /tpaccept
[17:16:58] [Server thread/INFO]: NASAKILL has made the advancement [Monster Hunter]
[17:17:08] [Server thread/INFO]: ThatDomino1 has made the advancement [Stone Age]
[17:17:12] [Server thread/INFO]: NASAKILL burned to death
[17:17:29] [Async Chat Thread - #5/INFO]: <ThatDomino1> thats a crazy spot for a monster spawner
[17:17:33] [Async Chat Thread - #5/INFO]: <NASAKILL> yep
[17:17:55] [Server thread/INFO]: (Light) ThatDomino1 was flagged for CriticalsA (1/1)
[17:17:55] [Server thread/INFO]: (Light) ThatDomino1 was punished for CriticalsA
[17:17:55] [Server thread/INFO]: (Light) ThatDomino1 was flagged for CriticalsA (1/1)
[17:17:56] [Server thread/INFO]: (Light) ThatDomino1 was punished for CriticalsA
[17:17:56] [Server thread/INFO]: ThatDomino1 lost connection: CriticalsA
[17:17:56] [Server thread/INFO]: ThatDomino1 left the game
[17:17:56] [Server thread/INFO]: Kicked ThatDomino1: CriticalsA
[17:17:56] [Server thread/INFO]: No player was found
[17:17:59] [User Authenticator #3/INFO]: UUID of player ThatDomino1 is 6e777e65-20b9-4e62-a8cb-1cb2a718b7ff
[17:18:00] [Server thread/INFO]: ThatDomino1 joined the game
[17:18:00] [Server thread/INFO]: ThatDomino1[/24.2.189.149:63928] logged in with entity id 1380 at ([Nasakills server]5.428055586095956, 85.23152379758702, -23.30000001192093)
[17:18:03] [Server thread/INFO]: ThatDomino1 has made the advancement [Monster Hunter]
[17:18:03] [Server thread/INFO]: (Light) ThatDomino1 was flagged for CriticalsA (1/1)
[17:18:03] [Server thread/INFO]: (Light) ThatDomino1 was punished for CriticalsA
[17:18:03] [Server thread/INFO]: ThatDomino1 lost connection: CriticalsA
[17:18:03] [Server thread/INFO]: ThatDomino1 left the game
[17:18:03] [Server thread/INFO]: Kicked ThatDomino1: CriticalsA
[17:18:06] [User Authenticator #3/INFO]: UUID of player ThatDomino1 is 6e777e65-20b9-4e62-a8cb-1cb2a718b7ff
[17:18:07] [Server thread/INFO]: ThatDomino1 joined the game
[17:18:07] [Server thread/INFO]: ThatDomino1[/24.2.189.149:63931] logged in with entity id 1398 at ([Nasakills server]4.665708534558763, 87.0, -20.259539008856866)
[17:18:12] [Async Chat Thread - #5/INFO]: <NASAKILL> you good?
[17:18:23] [Async Chat Thread - #4/INFO]: <ThatDomino1> lemme try another version
[17:18:24] [Server thread/INFO]: ThatDomino1 lost connection: Disconnected
[17:18:24] [Server thread/INFO]: ThatDomino1 left the game
[17:18:36] [Server thread/INFO]: NASAKILL was doomed to fall by Zombie
[17:18:55] [Server thread/INFO]: NASAKILL issued server command: /tp NASAKILL 6.5 85.0 -8.5
[17:18:55] [Server thread/INFO]: [NASAKILL: Teleported NASAKILL to 6.500000, 85.000000, -8.500000]
[17:20:54] [User Authenticator #4/INFO]: UUID of player ThatDomino1 is 6e777e65-20b9-4e62-a8cb-1cb2a718b7ff
[17:20:55] [Server thread/INFO]: ThatDomino1 joined the game
[17:20:55] [Server thread/INFO]: ThatDomino1[/24.2.189.149:64176] logged in with entity id 1684 at ([Nasakills server]3.967908277058944, 91.0, -17.02741327057299)
[17:21:23] [Async Chat Thread - #7/INFO]: <NASAKILL> hi domino
[17:21:28] [Async Chat Thread - #6/INFO]: <ThatDomino1> hi
[17:21:32] [Server thread/INFO]: NASAKILL issued server command: /time set day
[17:21:32] [Server thread/INFO]: [NASAKILL: Set the time to 1000]
[17:21:41] [Server thread/INFO]: NASAKILL was slain by Zombie
[17:21:51] [Server thread/INFO]: (Light) ThatDomino1 was flagged for CriticalsA (1/1)
[17:21:51] [Server thread/INFO]: (Light) ThatDomino1 was punished for CriticalsA
[17:21:51] [Server thread/INFO]: (Light) ThatDomino1 was flagged for CriticalsA (1/1)
[17:21:51] [Server thread/INFO]: (Light) ThatDomino1 was punished for CriticalsA
[17:21:51] [Server thread/INFO]: ThatDomino1 lost connection: CriticalsA
[17:21:52] [Server thread/INFO]: ThatDomino1 left the game
[17:21:52] [Server thread/INFO]: Kicked ThatDomino1: CriticalsA
[17:21:52] [Server thread/INFO]: No player was found
[17:21:54] [User Authenticator #4/INFO]: UUID of player ThatDomino1 is 6e777e65-20b9-4e62-a8cb-1cb2a718b7ff
[17:21:54] [Server thread/INFO]: ThatDomino1 joined the game
[17:21:54] [Server thread/INFO]: ThatDomino1[/24.2.189.149:64221] logged in with entity id 1791 at ([Nasakills server]9.999405969521414, 75.19366615334314, -4.522846127528456)
[17:21:57] [Async Chat Thread - #6/INFO]: <NASAKILL> cave in there
[17:22:02] [Async Chat Thread - #6/INFO]: <ThatDomino1> keep getting a criticals a error
[17:22:05] [Server thread/INFO]: ThatDomino1 was slain by Zombie
[17:22:10] [Async Chat Thread - #7/INFO]: <NASAKILL> hold up ]
[17:23:57] [Server thread/INFO]: ThatDomino1 has made the advancement [Getting an Upgrade]
[17:24:28] [Async Chat Thread - #8/INFO]: <NASAKILL> you good
[17:24:32] [Async Chat Thread - #8/INFO]: <ThatDomino1> yea
[17:24:42] [Server thread/INFO]: NASAKILL issued server command: /difficulty peaceful
[17:24:42] [Server thread/INFO]: [NASAKILL: The difficulty has been set to Peaceful]
[17:25:32] [Server thread/INFO]: NASAKILL has made the advancement [Acquire Hardware]
[17:25:49] [Server thread/INFO]: NASAKILL has made the advancement [Isn't It Iron Pick]
[17:26:22] [Async Chat Thread - #10/INFO]: <NASAKILL> coal..
[17:27:15] [Server thread/INFO]: NASAKILL fell from a high place
[17:27:48] [Server thread/INFO]: NASAKILL fell from a high place
[17:28:06] [Server thread/INFO]: NASAKILL fell from a high place
[17:28:29] [Server thread/INFO]: NASAKILL fell from a high place
[17:28:39] [Server thread/INFO]: NASAKILL fell from a high place
[17:29:02] [Async Chat Thread - #11/INFO]: <NASAKILL> finaly
[17:29:07] [Async Chat Thread - #11/INFO]: <NASAKILL> i didn't die
[17:29:11] [Async Chat Thread - #11/INFO]: <ThatDomino1> yippie!
[17:29:14] [Async Chat Thread - #11/INFO]: <NASAKILL> im in a cave
[17:29:16] [Async Chat Thread - #11/INFO]: <ThatDomino1> same
[17:29:53] [Async Chat Thread - #12/INFO]: <NASAKILL> golden apple allready
[17:31:18] [Server thread/INFO]: ThatDomino1 has made the advancement [Sweet Dreams]
[17:31:33] [Async Chat Thread - #13/INFO]: <NASAKILL> kinda point less when i don't have a bead
[17:31:42] [Async Chat Thread - #13/INFO]: <ThatDomino1> ok
[17:35:50] [Server thread/INFO]: NASAKILL lost connection: Disconnected
[17:35:50] [Server thread/INFO]: NASAKILL left the game
[17:35:55] [Server thread/INFO]: (Light) ThatDomino1 was flagged for BlockPlaceA (1/10)
[17:36:18] [User Authenticator #5/INFO]: UUID of player NASAKILL is a44e35f0-2af3-49fe-a1a4-927c7be319a1
[17:36:20] [Server thread/INFO]: NASAKILL joined the game
[17:36:20] [Server thread/INFO]: NASAKILL[/172.56.69.88:52183] logged in with entity id 2837 at ([Nasakills server]-24.687673611931427, 44.0, 10.832370279685808)
[17:37:07] [Server thread/WARN]: NASAKILL moved too quickly! 8.760281121733245,-2.2095640697766683,4.871709640415089
[17:38:40] [Server thread/INFO]: ThatDomino1 has made the advancement [Acquire Hardware]
[17:39:08] [Server thread/INFO]: ThatDomino1 has made the advancement [Isn't It Iron Pick]
[17:39:16] [Async Chat Thread - #17/INFO]: <NASAKILL> TWO CAN PLAY AT THAT GAME
[17:39:20] [Async Chat Thread - #17/INFO]: <ThatDomino1> ?
[17:39:22] [Server thread/INFO]: NASAKILL has made the advancement [Suit Up]
[17:41:24] [Server thread/INFO]: NASAKILL issued server command: /tp NASAKILL -10.5 33.0 -83.5
[17:41:24] [Server thread/INFO]: [NASAKILL: Teleported NASAKILL to -10.500000, 33.000000, -83.500000]
[17:41:49] [Async Chat Thread - #18/INFO]: <NASAKILL> Full iorn gear
[17:41:52] [Async Chat Thread - #18/INFO]: <ThatDomino1> tnice
[17:41:53] [Async Chat Thread - #18/INFO]: <ThatDomino1> *nice
[17:41:56] [Server thread/INFO]: NASAKILL issued server command: /tpa ThatDomino1
[17:42:04] [Server thread/INFO]: ThatDomino1 issued server command: /tpaccept
[17:42:26] [Async Chat Thread - #18/INFO]: <ThatDomino1> ow
[17:42:45] [Server thread/INFO]: NASAKILL issued server command: /tp ThatDomino1 NASAKILL
[17:42:45] [Server thread/INFO]: [NASAKILL: Teleported ThatDomino1 to NASAKILL]
[17:42:49] [Async Chat Thread - #18/INFO]: <ThatDomino1> thanks
[17:42:54] [Async Chat Thread - #18/INFO]: <NASAKILL> yw
[17:43:00] [Server thread/INFO]: NASAKILL issued server command: /tp NASAKILL -10.5 33.0 -83.5
[17:43:00] [Server thread/INFO]: [NASAKILL: Teleported NASAKILL to -10.500000, 33.000000, -83.500000]
[17:43:41] [Server thread/INFO]: NASAKILL tried to swim in lava
[17:43:47] [Server thread/INFO]: (Light) ThatDomino1 was flagged for BlockPlaceA (1/10)
[17:43:48] [Server thread/INFO]: (Light) ThatDomino1 was flagged for BlockPlaceA (2/10)
[17:43:49] [Server thread/INFO]: (Light) ThatDomino1 was flagged for BlockPlaceA (3/10)
[17:43:51] [Server thread/INFO]: (Light) ThatDomino1 was flagged for BlockPlaceA (4/10)
[17:44:22] [Server thread/INFO]: NASAKILL issued server command: /tp NASAKILL -10.5 33.0 -83.5
[17:44:22] [Server thread/INFO]: [NASAKILL: Teleported NASAKILL to -10.500000, 33.000000, -83.500000]
[17:44:22] [Server thread/WARN]: NASAKILL moved too quickly! -22.437306494461616,-44.0,-33.19999998807907
[17:44:47] [Server thread/INFO]: (Light) ThatDomino1 was flagged for BlockPlaceA (1/10)
[17:45:44] [Async Chat Thread - #20/INFO]: <NASAKILL> trial cahmbers
[17:45:49] [Async Chat Thread - #20/INFO]: <ThatDomino1> yea
[17:45:59] [Server thread/INFO]: (Light) ThatDomino1 was flagged for BlockPlaceA (2/10)
[17:46:00] [Server thread/INFO]: (Light) ThatDomino1 was flagged for BlockPlaceA (3/10)
[17:46:05] [Server thread/INFO]: (Light) ThatDomino1 was flagged for BlockPlaceA (4/10)
[17:46:06] [Async Chat Thread - #20/INFO]: <NASAKILL> yo what seed is this
[17:46:08] [Server thread/INFO]: NASAKILL issued server command: /seed
[17:46:08] [Server thread/INFO]: ThatDomino1 issued server command: /seed
[17:46:29] [Server thread/INFO]: NASAKILL has made the advancement [Diamonds!]
[17:46:32] [Async Chat Thread - #21/INFO]: <ThatDomino1> nice
[17:46:44] [Server thread/INFO]: (Light) ThatDomino1 was flagged for BlockPlaceA (5/10)
[17:47:00] [Server thread/INFO]: (Light) ThatDomino1 was flagged for BlockPlaceA (1/10)
[17:47:20] [Server thread/INFO]: (Light) ThatDomino1 was flagged for BlockPlaceA (2/10)
[17:48:51] [Server thread/INFO]: (Light) ThatDomino1 was flagged for BlockPlaceA (3/10)
[17:49:14] [Server thread/INFO]: (Light) ThatDomino1 was flagged for BlockPlaceA (4/10)
[17:50:03] [Server thread/INFO]: (Light) ThatDomino1 was flagged for BlockPlaceA (1/10)
[17:50:09] [Server thread/INFO]: (Light) ThatDomino1 was flagged for BlockPlaceA (2/10)
[17:50:19] [Server thread/INFO]: (Light) ThatDomino1 was flagged for BlockPlaceA (3/10)
[17:50:38] [Server thread/INFO]: (Light) ThatDomino1 was flagged for BlockPlaceA (4/10)
[17:50:46] [Server thread/INFO]: (Light) ThatDomino1 was flagged for BlockPlaceA (5/10)
[17:50:47] [Server thread/INFO]: (Light) ThatDomino1 was flagged for BlockPlaceA (6/10)
[17:50:51] [Server thread/INFO]: NASAKILL has made the advancement [Minecraft: Trial(s) Edition]
[17:50:52] [Server thread/INFO]: (Light) ThatDomino1 was flagged for BlockPlaceA (7/10)
[17:50:53] [Server thread/INFO]: (Light) ThatDomino1 was flagged for BlockPlaceA (8/10)
[17:51:05] [Async Chat Thread - #22/INFO]: <NASAKILL> tpa to me
[17:51:12] [Server thread/INFO]: ThatDomino1 issued server command: /tpa NASAKILL
[17:51:16] [Server thread/INFO]: NASAKILL issued server command: /tpaccept
[17:51:17] [Server thread/INFO]: ThatDomino1 has made the advancement [Minecraft: Trial(s) Edition]
[17:51:22] [Async Chat Thread - #22/INFO]: <ThatDomino1> noice
[17:51:27] [Async Chat Thread - #22/INFO]: <NASAKILL> change the diculty?
[17:51:47] [Server thread/INFO]: NASAKILL has made the advancement [Sweet Dreams]
[17:52:15] [Server thread/INFO]: (Light) ThatDomino1 was flagged for FlightC (1/40)
[17:52:15] [Server thread/INFO]: (Light) ThatDomino1 was flagged for FlightC (2/40)
[17:52:15] [Server thread/INFO]: (Light) ThatDomino1 was flagged for FlightC (3/40)
[17:52:15] [Server thread/INFO]: (Light) ThatDomino1 was flagged for FlightC (4/40)
[17:52:16] [Server thread/INFO]: (Light) ThatDomino1 was flagged for FlightC (5/40)
[17:53:19] [Async Chat Thread - #24/INFO]: <NASAKILL> setin difuclty to easy
[17:53:23] [Async Chat Thread - #25/INFO]: <ThatDomino1> okey
[17:53:23] [Server thread/INFO]: NASAKILL issued server command: /difficulty easy
[17:53:23] [Server thread/INFO]: [NASAKILL: The difficulty has been set to Easy]
[17:54:20] [Server thread/INFO]: NASAKILL has made the advancement [Not Today, Thank You]
[17:54:20] [Server thread/INFO]: (Light) ThatDomino1 was flagged for ReachB (1/6)
[17:54:32] [Server thread/INFO]: ThatDomino1 was shot by Bogged
[17:54:36] [Async Chat Thread - #26/INFO]: <NASAKILL> tpa
[17:54:44] [Server thread/INFO]: ThatDomino1 issued server command: /tpa NASAKILL
[17:54:48] [Server thread/INFO]: NASAKILL issued server command: /tpa ThatDomino1
[17:54:53] [Server thread/INFO]: ThatDomino1 issued server command: /tpaccepta
[17:54:54] [Server thread/INFO]: NASAKILL issued server command: /tpaccept
[17:55:52] [Async Chat Thread - #28/INFO]: <NASAKILL> mace??
[17:57:38] [Server thread/INFO]: ThatDomino1 has made the advancement [Under Lock and Key]
[17:58:26] [Async Chat Thread - #31/INFO]: <NASAKILL> come here
[17:58:31] [Async Chat Thread - #31/INFO]: <NASAKILL> a bucet
[17:58:36] [Async Chat Thread - #31/INFO]: <ThatDomino1> nice
[17:59:06] [Async Chat Thread - #31/INFO]: <NASAKILL> come here
[17:59:11] [Async Chat Thread - #31/INFO]: <NASAKILL> it's a sheild
[17:59:14] [Server thread/INFO]: ThatDomino1 issued server command: /tpa NASAKILL
[17:59:18] [Server thread/INFO]: NASAKILL issued server command: /tpaccept
[17:59:24] [Async Chat Thread - #31/INFO]: <ThatDomino1> thanks
[17:59:31] [Async Chat Thread - #31/INFO]: <NASAKILL> yw
[18:00:18] [Server thread/INFO]: ThatDomino1 has made the advancement [Take Aim]
[18:00:45] [Server thread/INFO]: NASAKILL was doomed to fall
[18:00:48] [Server thread/INFO]: ThatDomino1 was shot by Bogged
[18:00:51] [Server thread/INFO]: NASAKILL issued server command: /tpa ThatDomino1
[18:00:57] [Server thread/INFO]: ThatDomino1 issued server command: /tpaccept
[18:01:02] [Async Chat Thread - #32/INFO]: <NASAKILL> lol
[18:01:11] [Async Chat Thread - #33/INFO]: <NASAKILL> raid over
[18:01:15] [Async Chat Thread - #33/INFO]: <ThatDomino1> oopsies
[18:01:20] [Async Chat Thread - #33/INFO]: <NASAKILL> gota a ton of gear
[18:01:38] [Server thread/INFO]: NASAKILL issued server command: /tp NASAKILL -10.5 33.0 -83.5
[18:01:38] [Server thread/INFO]: [NASAKILL: Teleported NASAKILL to -10.500000, 33.000000, -83.500000]
[18:01:53] [Server thread/INFO]: NASAKILL issued server command: /difficulty peaceful
[18:01:53] [Server thread/INFO]: [NASAKILL: The difficulty has been set to Peaceful]
[18:02:13] [Server thread/INFO]: NASAKILL issued server command: /tp NASAKILL 83.5 -23.0 85.5
[18:02:13] [Server thread/INFO]: [NASAKILL: Teleported NASAKILL to 83.500000, -23.000000, 85.500000]
[18:02:13] [Server thread/WARN]: NASAKILL moved too quickly! 70.70550905798231,-19.0,125.81805851437719
[18:02:18] [Server thread/INFO]: NASAKILL issued server command: /tpa to me
[18:02:22] [Async Chat Thread - #34/INFO]: <NASAKILL> tpa to me
[18:02:27] [Server thread/INFO]: ThatDomino1 issued server command: /tpa NASAKILL
[18:02:31] [Server thread/INFO]: NASAKILL issued server command: /tpaccept
[18:03:10] [Async Chat Thread - #34/INFO]: <NASAKILL> ill be back
[18:03:12] [Server thread/INFO]: NASAKILL lost connection: Disconnected
[18:03:12] [Server thread/INFO]: NASAKILL left the game
[18:03:13] [Async Chat Thread - #34/INFO]: <ThatDomino1> ok
[18:03:24] [Server thread/INFO]: ThatDomino1 has made the advancement [Suit Up]
[18:24:00] [epollEventLoopGroup-4-1/INFO]: [Geyser-Spigot] Player connected with username Loltouall
[18:24:00] [localSession-7-2/INFO]: [Geyser-Spigot] Loltouall (logged in as: Loltouall) has connected to the Java server
[18:24:01] [Server thread/INFO]: [floodgate] Floodgate player logged in as .Loltouall joined (UUID: 00000000-0000-0000-0009-01f03e401b19)
[18:24:01] [Server thread/INFO]: .Loltouall joined the game
[18:24:01] [Server thread/INFO]: .Loltouall[/24.57.60.20:0] logged in with entity id 6383 at ([Nasakills server]7.5, 78.0, -4.5)
[18:24:17] [Async Chat Thread - #36/INFO]: [Not Secure] <.Loltouall> hello
[18:24:19] [Async Chat Thread - #37/INFO]: <ThatDomino1> hi
[18:24:24] [Server thread/INFO]: .Loltouall issued server command: /gamemode creative
[18:24:24] [Server thread/INFO]: [.Loltouall: Set own game mode to Creative Mode]
[18:24:30] [Async Chat Thread - #37/INFO]: [Not Secure] <.Loltouall> who r u
[18:24:35] [Async Chat Thread - #37/INFO]: <ThatDomino1> who r u
[18:24:37] [Server thread/INFO]: .Loltouall issued server command: /weather clear
[18:24:37] [Server thread/INFO]: [.Loltouall: Set the weather to clear]
[18:24:55] [Async Chat Thread - #36/INFO]: [Not Secure] <.Loltouall> im ProGamer43254
[18:25:02] [Async Chat Thread - #36/INFO]: [Not Secure] <.Loltouall> this is my alt
[18:25:13] [Server thread/INFO]: .Loltouall issued server command: /tp ThatDomino1
[18:25:13] [Server thread/INFO]: [.Loltouall: Teleported .Loltouall to ThatDomino1]
[18:25:13] [Server thread/WARN]: .Loltouall moved too quickly! 19.26444425404079,-108.51849,40.61291073943863
[18:25:13] [Server thread/WARN]: .Loltouall moved too quickly! 19.26444425404079,-108.51849,40.61291073943863
[18:25:13] [Server thread/WARN]: .Loltouall moved too quickly! 19.26444425404079,-108.51849,40.61291073943863
[18:25:13] [Server thread/INFO]: .Loltouall has made the advancement [Minecraft: Trial(s) Edition]
[18:25:16] [Async Chat Thread - #36/INFO]: <ThatDomino1> now i have even more questions
[18:25:18] [Async Chat Thread - #36/INFO]: <ThatDomino1> oh wait
[18:25:40] [Async Chat Thread - #37/INFO]: [Not Secure] <.Loltouall> a trial chamber
[18:25:43] [Async Chat Thread - #36/INFO]: <ThatDomino1> yes
[18:28:09] [Server thread/INFO]: ThatDomino1 lost connection: Disconnected
[18:28:09] [Server thread/INFO]: ThatDomino1 left the game
[18:28:14] [localSession-7-2/INFO]: [Geyser-Spigot] Loltouall has disconnected from the Java server because of Bedrock client disconnected
[18:28:14] [Geyser Spigot connection thread-6-3/INFO]: [floodgate] Floodgate player logged in as .Loltouall disconnected
[18:28:14] [Server thread/INFO]: .Loltouall lost connection: Disconnected
[18:28:14] [Server thread/INFO]: .Loltouall left the game
[18:35:09] [User Authenticator #6/INFO]: UUID of player NASAKILL is a44e35f0-2af3-49fe-a1a4-927c7be319a1
[18:35:17] [Server thread/INFO]: NASAKILL joined the game
[18:35:17] [Server thread/INFO]: NASAKILL[/172.56.69.88:31802] logged in with entity id 6530 at ([Nasakills server]83.4896053994891, -20.0, 70.67531999014204)
[18:35:33] [Server thread/INFO]: NASAKILL issued server command: /difficulty normal
[18:35:33] [Server thread/INFO]: [NASAKILL: The difficulty has been set to Normal]
[18:35:40] [Server thread/INFO]: NASAKILL issued server command: /difficulty easy
[18:35:40] [Server thread/INFO]: [NASAKILL: The difficulty has been set to Easy]
[18:38:53] [Server thread/INFO]: NASAKILL was shot by Bogged
[18:41:35] [Server thread/INFO]: NASAKILL has made the advancement [Take Aim]
[18:42:00] [Server thread/INFO]: NASAKILL was shot by Bogged
[18:47:01] [Server thread/INFO]: NASAKILL was slain by Husk
[18:51:36] [Server thread/INFO]: NASAKILL has made the advancement [Under Lock and Key]
[18:53:10] [Server thread/INFO]: NASAKILL has made the advancement [Ol' Betsy]
[18:55:39] [Server thread/INFO]: NASAKILL was shot by Bogged
[18:55:56] [Server thread/INFO]: NASAKILL issued server command: /tp NASAKILL 83.5 -13.0 70.5
[18:55:56] [Server thread/INFO]: [NASAKILL: Teleported NASAKILL to 83.500000, -13.000000, 70.500000]
[18:56:02] [epollEventLoopGroup-4-2/INFO]: [Geyser-Spigot] Player connected with username ProGamer43254
[18:56:02] [localSession-7-3/INFO]: [Geyser-Spigot] ProGamer43254 (logged in as: ProGamer43254) has connected to the Java server
[18:56:03] [Server thread/INFO]: [floodgate] Floodgate player logged in as .ProGamer43254 joined (UUID: 00000000-0000-0000-0009-01ff7a5717b4)
[18:56:03] [Server thread/INFO]: .ProGamer43254 joined the game
[18:56:03] [Server thread/INFO]: .ProGamer43254[/24.57.60.20:0] logged in with entity id 9187 at ([Nasakills server]0.5, 99.0, -1.5)
[18:56:19] [Async Chat Thread - #39/INFO]: [Not Secure] <.ProGamer43254> hello
[18:56:24] [Async Chat Thread - #39/INFO]: <NASAKILL> tpa to me
[18:56:40] [Server thread/INFO]: .ProGamer43254 issued server command: /tpa nasakill
[18:57:05] [Server thread/INFO]: .ProGamer43254 issued server command: /tp NASAKILL
[18:57:05] [Server thread/INFO]: [.ProGamer43254: Teleported .ProGamer43254 to NASAKILL]
[18:57:06] [Server thread/INFO]: .ProGamer43254 has made the advancement [Minecraft: Trial(s) Edition]
[18:57:13] [Async Chat Thread - #39/INFO]: [Not Secure] <.ProGamer43254> oh cmon
[18:57:20] [Async Chat Thread - #39/INFO]: [Not Secure] <.ProGamer43254> the other guy was here too
[18:57:51] [Async Chat Thread - #39/INFO]: [Not Secure] <.ProGamer43254> the other guy was here too
[18:57:58] [Server thread/INFO]: NASAKILL issued server command: /gamemode survival .ProGamer43254
[18:58:01] [Async Chat Thread - #39/INFO]: <NASAKILL> yes
[18:58:11] [Server thread/INFO]: .ProGamer43254 was shot by Bogged
[18:58:17] [Server thread/INFO]: .ProGamer43254 issued server command: /tp NASAKILL
[18:58:17] [Server thread/INFO]: [.ProGamer43254: Teleported .ProGamer43254 to NASAKILL]
[18:58:17] [Server thread/WARN]: .ProGamer43254 moved too quickly! 107.68768809088735,-128.0,84.82370139086
[18:58:17] [Server thread/WARN]: .ProGamer43254 moved too quickly! 107.68768809088735,-128.0,84.82370139086
[18:58:17] [Server thread/WARN]: .ProGamer43254 moved too quickly! 107.68768809088735,-128.0,84.82370139086
[18:58:17] [Server thread/WARN]: .ProGamer43254 moved too quickly! 107.68768809088735,-128.0,84.82370139086
[18:58:17] [Server thread/WARN]: .ProGamer43254 moved too quickly! 107.68768809088735,-128.0,84.82370139086
[18:58:17] [Server thread/WARN]: .ProGamer43254 moved too quickly! 107.68768809088735,-128.0,84.82370139086
[18:58:17] [Server thread/WARN]: .ProGamer43254 moved too quickly! 107.68768809088735,-128.0,84.82370139086
[18:58:17] [Server thread/WARN]: .ProGamer43254 moved too quickly! 107.68768809088735,-128.0,84.82370139086
[18:58:17] [Server thread/WARN]: .ProGamer43254 moved too quickly! 107.68768809088735,-128.0,84.82370139086
[18:58:17] [Server thread/WARN]: .ProGamer43254 moved too quickly! 107.68768809088735,-128.0,84.82370139086
[18:58:18] [Async Chat Thread - #39/INFO]: <NASAKILL> go gear up
[18:59:00] [Server thread/INFO]: .ProGamer43254 fell from a high place
[18:59:05] [Server thread/INFO]: NASAKILL was shot by Arrow
[18:59:05] [Server thread/INFO]: .ProGamer43254 issued server command: /tp NASAKILL
[18:59:05] [Server thread/INFO]: [.ProGamer43254: Teleported .ProGamer43254 to NASAKILL]
[18:59:05] [Server thread/WARN]: .ProGamer43254 moved too quickly! 83.80000001192093,-131.0,92.06055247891766
[18:59:05] [Server thread/WARN]: .ProGamer43254 moved too quickly! 83.80000001192093,-131.0,92.06055247891766
[18:59:05] [Server thread/WARN]: .ProGamer43254 moved too quickly! 83.80000001192093,-131.0,92.06055247891766
[18:59:05] [Server thread/WARN]: .ProGamer43254 moved too quickly! 83.80000001192093,-131.0,92.06055247891766
[18:59:05] [Server thread/WARN]: .ProGamer43254 moved too quickly! 83.80000001192093,-131.0,92.06055247891766
[18:59:05] [Server thread/WARN]: .ProGamer43254 moved too quickly! 83.80000001192093,-131.0,92.06055247891766
[18:59:05] [Server thread/WARN]: .ProGamer43254 moved too quickly! 83.80000001192093,-131.0,92.06055247891766
[18:59:05] [Server thread/WARN]: .ProGamer43254 moved too quickly! 83.80000001192093,-131.0,92.06055247891766
[18:59:05] [Server thread/WARN]: .ProGamer43254 moved too quickly! 83.80000001192093,-131.0,92.06055247891766
[18:59:05] [Server thread/WARN]: .ProGamer43254 moved too quickly! 83.80000001192093,-131.0,92.06055247891766
[18:59:05] [Server thread/WARN]: .ProGamer43254 moved too quickly! 83.80000001192093,-131.0,92.06055247891766
[18:59:05] [Server thread/WARN]: .ProGamer43254 moved too quickly! 83.80000001192093,-131.0,92.06055247891766
[18:59:05] [Server thread/WARN]: .ProGamer43254 moved too quickly! 83.80000001192093,-131.0,92.06055247891766
[18:59:05] [Server thread/WARN]: .ProGamer43254 moved too quickly! 83.80000001192093,-131.0,92.06055247891766
[18:59:05] [Server thread/WARN]: .ProGamer43254 moved too quickly! 83.80000001192093,-131.0,92.06055247891766
[18:59:05] [Server thread/WARN]: .ProGamer43254 moved too quickly! 83.80000001192093,-131.0,92.06055247891766
[18:59:05] [Server thread/WARN]: .ProGamer43254 moved too quickly! 83.80000001192093,-131.0,92.06055247891766
[18:59:17] [Server thread/INFO]: NASAKILL issued server command: /tp NASAKILL 82.5 -23.0 83.5
[18:59:17] [Server thread/INFO]: [NASAKILL: Teleported NASAKILL to 82.500000, -23.000000, 83.500000]
[19:00:14] [Server thread/INFO]: .ProGamer43254 has made the advancement [Getting an Upgrade]
[19:00:44] [Server thread/INFO]: .ProGamer43254 was shot by Bogged
[19:00:55] [Server thread/INFO]: .ProGamer43254 issued server command: /tp NASAKILL
[19:00:55] [Server thread/INFO]: [.ProGamer43254: Teleported .ProGamer43254 to NASAKILL]
[19:00:55] [Server thread/WARN]: .ProGamer43254 moved too quickly! 78.9328744943536,-98.83785857897301,93.74028489709862
[19:00:55] [Server thread/WARN]: .ProGamer43254 moved too quickly! 78.9328744943536,-98.83785857897301,93.74028489709862
[19:00:55] [Server thread/WARN]: .ProGamer43254 moved too quickly! 78.9328744943536,-98.83785857897301,93.74028489709862
[19:00:55] [Server thread/WARN]: .ProGamer43254 moved too quickly! 78.9328744943536,-98.83785857897301,93.74028489709862
[19:00:55] [Server thread/WARN]: .ProGamer43254 moved too quickly! 78.9328744943536,-98.83785857897301,93.74028489709862
[19:00:55] [Server thread/WARN]: .ProGamer43254 moved too quickly! 78.9328744943536,-98.83785857897301,93.74028489709862
[19:00:55] [Server thread/WARN]: .ProGamer43254 moved too quickly! 78.9328744943536,-98.83785857897301,93.74028489709862
[19:00:55] [Server thread/WARN]: .ProGamer43254 moved too quickly! 78.9328744943536,-98.83785857897301,93.74028489709862
[19:00:55] [Server thread/WARN]: .ProGamer43254 moved too quickly! 78.9328744943536,-98.83785857897301,93.74028489709862
[19:00:55] [Server thread/WARN]: .ProGamer43254 moved too quickly! 78.9328744943536,-98.83785857897301,93.74028489709862
[19:00:55] [Server thread/WARN]: .ProGamer43254 moved too quickly! 78.9328744943536,-98.83785857897301,93.74028489709862
[19:00:55] [Server thread/WARN]: .ProGamer43254 moved too quickly! 78.9328744943536,-98.83785857897301,93.74028489709862
[19:00:55] [Server thread/WARN]: .ProGamer43254 moved too quickly! 78.9328744943536,-98.83785857897301,93.74028489709862
[19:01:10] [Server thread/INFO]: .ProGamer43254 has made the advancement [Wax Off]
[19:02:12] [Async Chat Thread - #42/INFO]: [Not Secure] <.ProGamer43254> u have llooot
[19:02:16] [Async Chat Thread - #42/INFO]: <NASAKILL> yep
[19:02:22] [Async Chat Thread - #42/INFO]: [Not Secure] <.ProGamer43254> gear
[19:02:24] [Async Chat Thread - #41/INFO]: [Not Secure] <.ProGamer43254> i can have
[19:03:11] [Async Chat Thread - #41/INFO]: <NASAKILL> come down here
[19:04:11] [Async Chat Thread - #43/INFO]: [Not Secure] <.ProGamer43254> u have gear
[19:04:23] [Server thread/INFO]: .ProGamer43254 has made the advancement [Stone Age]
[19:05:50] [Server thread/INFO]: .ProGamer43254 has made the advancement [Acquire Hardware]
[19:07:17] [Server thread/INFO]: .ProGamer43254 issued server command: /tp NASAKILL
[19:07:17] [Server thread/INFO]: [.ProGamer43254: Teleported .ProGamer43254 to NASAKILL]
[19:07:45] [Server thread/INFO]: .ProGamer43254 has made the advancement [Suit Up]
[19:09:20] [Server thread/INFO]: NASAKILL issued server command: /tp .ProGamer43254
[19:09:20] [Server thread/INFO]: [NASAKILL: Teleported NASAKILL to .ProGamer43254]
[19:09:55] [Server thread/INFO]: NASAKILL issued server command: /gamemode spectator
[19:09:55] [Server thread/INFO]: [NASAKILL: Set own game mode to Spectator Mode]
[19:09:56] [Server thread/INFO]: .ProGamer43254 has made the advancement [Cover Me with Diamonds]
[19:10:35] [Server thread/INFO]: NASAKILL issued server command: /gamemode survival
[19:10:35] [Server thread/INFO]: [NASAKILL: Set own game mode to Survival Mode]
[19:10:38] [Server thread/INFO]: .ProGamer43254 has made the advancement [Monster Hunter]
[19:11:03] [Server thread/WARN]: .ProGamer43254 moved wrongly!
[19:11:12] [Server thread/INFO]: NASAKILL was slain by Husk
[19:11:25] [Async Chat Thread - #46/INFO]: <NASAKILL> what up?
[19:11:43] [Async Chat Thread - #46/INFO]: [Not Secure] <.ProGamer43254> n9th8ng
[19:11:52] [Server thread/INFO]: NASAKILL issued server command: /tp NASAKILL 59.5 -25.0 49.5
[19:11:52] [Server thread/INFO]: [NASAKILL: Teleported NASAKILL to 59.500000, -25.000000, 49.500000]
[19:12:12] [Server thread/INFO]: .ProGamer43254 was slain by Husk
[19:12:18] [Server thread/INFO]: .ProGamer43254 issued server command: /tp NASAKILL
[19:12:18] [Server thread/INFO]: [.ProGamer43254: Teleported .ProGamer43254 to NASAKILL]
[19:12:41] [Server thread/INFO]: NASAKILL was shot by Bogged
[19:12:46] [Server thread/INFO]: NASAKILL issued server command: /tp .ProGamer43254
[19:12:46] [Server thread/INFO]: [NASAKILL: Teleported NASAKILL to .ProGamer43254]
[19:12:52] [Server thread/INFO]: NASAKILL issued server command: /tp NASAKILL 44.5 -25.0 67.5
[19:12:52] [Server thread/INFO]: [NASAKILL: Teleported NASAKILL to 44.500000, -25.000000, 67.500000]
[19:13:52] [Server thread/INFO]: .ProGamer43254 has made the advancement [Not Today, Thank You]
[19:14:36] [Server thread/INFO]: NASAKILL was shot by NASAKILL
[19:14:43] [Server thread/INFO]: NASAKILL issued server command: /tp .ProGamer43254
[19:14:43] [Server thread/INFO]: [NASAKILL: Teleported NASAKILL to .ProGamer43254]
[19:14:50] [Server thread/INFO]: NASAKILL issued server command: /tp NASAKILL 46.5 -25.0 53.5
[19:14:50] [Server thread/INFO]: [NASAKILL: Teleported NASAKILL to 46.500000, -25.000000, 53.500000]
[19:15:29] [Server thread/INFO]: NASAKILL was doomed to fall
[19:15:35] [Server thread/INFO]: NASAKILL issued server command: /tp NASAKILL 45.5 -25.0 66.5
[19:15:35] [Server thread/INFO]: [NASAKILL: Teleported NASAKILL to 45.500000, -25.000000, 66.500000]
[19:16:44] [Server thread/INFO]: NASAKILL issued server command: /tps
[19:16:48] [Server thread/INFO]: NASAKILL issued server command: /tps NASAKILL
[19:16:53] [Server thread/INFO]: NASAKILL issued server command: /tps .ProGamer43254
[19:17:19] [Server thread/INFO]: .ProGamer43254 has made the advancement [Under Lock and Key]
[19:19:05] [Async Chat Thread - #48/INFO]: [Not Secure] <.ProGamer43254> help
[19:19:11] [Server thread/INFO]: NASAKILL issued server command: /tpa .ProGamer43254
[19:19:16] [Server thread/INFO]: .ProGamer43254 issued server command: /tpaccept
[19:20:42] [Server thread/INFO]: .ProGamer43254 hit the ground too hard
[19:20:50] [Server thread/INFO]: .ProGamer43254 issued server command: /tp NASAKILL
[19:20:50] [Server thread/INFO]: [.ProGamer43254: Teleported .ProGamer43254 to NASAKILL]
[19:20:50] [Server thread/WARN]: .ProGamer43254 moved too quickly! 157.34373459752388,-131.0,41.813667688389394
[19:20:50] [Server thread/WARN]: .ProGamer43254 moved too quickly! 157.34373459752388,-131.0,41.813667688389394
[19:20:50] [Server thread/WARN]: .ProGamer43254 moved too quickly! 157.34373459752388,-131.0,41.813667688389394
[19:20:50] [Server thread/WARN]: .ProGamer43254 moved too quickly! 157.34373459752388,-131.0,41.813667688389394
[19:20:50] [Server thread/WARN]: .ProGamer43254 moved too quickly! 157.34373459752388,-131.0,41.813667688389394
[19:20:50] [Server thread/WARN]: .ProGamer43254 moved too quickly! 157.34373459752388,-131.0,41.813667688389394
[19:20:50] [Server thread/WARN]: .ProGamer43254 moved too quickly! 157.34373459752388,-131.0,41.813667688389394
[19:20:50] [Server thread/WARN]: .ProGamer43254 moved too quickly! 157.34373459752388,-131.0,41.813667688389394
[19:20:50] [Server thread/WARN]: .ProGamer43254 moved too quickly! 157.34373459752388,-131.0,41.813667688389394
[19:20:50] [Server thread/WARN]: .ProGamer43254 moved too quickly! 157.34373459752388,-131.0,41.813667688389394
[19:20:50] [Server thread/WARN]: .ProGamer43254 moved too quickly! 157.34373459752388,-131.0,41.813667688389394
[19:20:50] [Server thread/WARN]: .ProGamer43254 moved too quickly! 157.34373459752388,-131.0,41.813667688389394
[19:20:50] [Server thread/WARN]: .ProGamer43254 moved too quickly! 157.34373459752388,-131.0,41.813667688389394
[19:20:50] [Server thread/WARN]: .ProGamer43254 moved too quickly! 157.34373459752388,-131.0,41.813667688389394
[19:20:50] [Server thread/WARN]: .ProGamer43254 moved too quickly! 157.34373459752388,-131.0,41.813667688389394
[19:20:50] [Server thread/WARN]: .ProGamer43254 moved too quickly! 157.34373459752388,-131.0,41.813667688389394
[19:20:50] [Server thread/WARN]: .ProGamer43254 moved too quickly! 157.34373459752388,-131.0,41.813667688389394
[19:20:50] [Server thread/WARN]: .ProGamer43254 moved too quickly! 157.34373459752388,-131.0,41.813667688389394
[19:20:50] [Server thread/WARN]: .ProGamer43254 moved too quickly! 157.34373459752388,-131.0,41.813667688389394
[19:20:50] [Server thread/WARN]: .ProGamer43254 moved too quickly! 157.34373459752388,-131.0,41.813667688389394
[19:21:23] [Server thread/INFO]: .ProGamer43254 has made the advancement [Diamonds!]
[19:21:37] [Server thread/WARN]: .ProGamer43254 moved wrongly!
[19:22:17] [Async Chat Thread - #50/INFO]: [Not Secure] <.ProGamer43254> nasa
[19:22:19] [Async Chat Thread - #50/INFO]: <NASAKILL> ?
[19:22:26] [Async Chat Thread - #50/INFO]: [Not Secure] <.ProGamer43254> want to do an ominous trial
[19:22:31] [Async Chat Thread - #50/INFO]: <NASAKILL> yep
[19:22:35] [Async Chat Thread - #49/INFO]: [Not Secure] <.ProGamer43254> they are harder then normal
[19:22:41] [Async Chat Thread - #50/INFO]: <NASAKILL> i know
[19:22:48] [Async Chat Thread - #50/INFO]: <NASAKILL> i have attempted one
[19:22:51] [Async Chat Thread - #50/INFO]: [Not Secure] <.ProGamer43254> what room
[19:22:54] [Async Chat Thread - #50/INFO]: <NASAKILL> and died 30 time
[19:22:58] [Async Chat Thread - #49/INFO]: <NASAKILL> fogot
[19:23:13] [Server thread/INFO]: .ProGamer43254 issued server command: /tp NASAKILL .ProGamer43254
[19:23:13] [Server thread/INFO]: [.ProGamer43254: Teleported NASAKILL to .ProGamer43254]
[19:23:21] [Async Chat Thread - #50/INFO]: [Not Secure] <.ProGamer43254> ready
[19:23:29] [Server thread/INFO]: .ProGamer43254 has made the advancement [Ol' Betsy]
[19:24:02] [Server thread/INFO]: .ProGamer43254 was slain by Silverfish
[19:24:08] [Server thread/INFO]: .ProGamer43254 issued server command: /tp NASAKILL
[19:24:08] [Server thread/INFO]: [.ProGamer43254: Teleported .ProGamer43254 to NASAKILL]
[19:24:08] [Server thread/WARN]: .ProGamer43254 moved too quickly! 48.750425924862824,-112.74779665974629,40.27676696631859
[19:24:08] [Server thread/WARN]: .ProGamer43254 moved too quickly! 48.750425924862824,-112.74779665974629,40.27676696631859
[19:24:08] [Server thread/WARN]: .ProGamer43254 moved too quickly! 48.750425924862824,-112.74779665974629,40.27676696631859
[19:24:08] [Server thread/WARN]: .ProGamer43254 moved too quickly! 48.750425924862824,-112.74779665974629,40.27676696631859
[19:24:08] [Server thread/WARN]: .ProGamer43254 moved too quickly! 48.750425924862824,-112.74779665974629,40.27676696631859
[19:24:08] [Server thread/WARN]: .ProGamer43254 moved too quickly! 48.750425924862824,-112.74779665974629,40.27676696631859
[19:24:08] [Server thread/WARN]: .ProGamer43254 moved too quickly! 48.750425924862824,-112.74779665974629,40.27676696631859
[19:24:08] [Server thread/WARN]: .ProGamer43254 moved too quickly! 48.750425924862824,-112.74779665974629,40.27676696631859
[19:24:08] [Server thread/WARN]: .ProGamer43254 moved too quickly! 48.750425924862824,-112.74779665974629,40.27676696631859
[19:24:08] [Server thread/WARN]: .ProGamer43254 moved too quickly! 48.750425924862824,-112.74779665974629,40.27676696631859
[19:24:08] [Server thread/WARN]: .ProGamer43254 moved too quickly! 48.750425924862824,-112.74779665974629,40.27676696631859
[19:24:08] [Server thread/WARN]: .ProGamer43254 moved too quickly! 48.750425924862824,-112.74779665974629,40.27676696631859
[19:24:34] [Server thread/INFO]: .ProGamer43254 was slain by Husk
[19:24:40] [Server thread/INFO]: .ProGamer43254 issued server command: /tp NASAKILL
[19:24:40] [Server thread/INFO]: [.ProGamer43254: Teleported .ProGamer43254 to NASAKILL]
[19:24:40] [Server thread/WARN]: .ProGamer43254 moved too quickly! 43.95068340868346,-121.0,64.80000001192093
[19:24:40] [Server thread/WARN]: .ProGamer43254 moved too quickly! 43.95068340868346,-121.0,64.80000001192093
[19:24:40] [Server thread/WARN]: .ProGamer43254 moved too quickly! 43.95068340868346,-121.0,64.80000001192093
[19:24:40] [Server thread/WARN]: .ProGamer43254 moved too quickly! 43.95068340868346,-121.0,64.80000001192093
[19:24:40] [Server thread/WARN]: .ProGamer43254 moved too quickly! 43.95068340868346,-121.0,64.80000001192093
[19:25:07] [Server thread/INFO]: .ProGamer43254 was slain by Silverfish
[19:25:13] [Server thread/INFO]: .ProGamer43254 issued server command: /tp NASAKILL
[19:25:13] [Server thread/INFO]: [.ProGamer43254: Teleported .ProGamer43254 to NASAKILL]
[19:25:13] [Server thread/WARN]: .ProGamer43254 moved too quickly! 57.19999998807907,-100.0,64.19999998807907
[19:25:13] [Server thread/WARN]: .ProGamer43254 moved too quickly! 57.19999998807907,-100.0,64.19999998807907
[19:25:13] [Server thread/WARN]: .ProGamer43254 moved too quickly! 57.19999998807907,-100.0,64.19999998807907
[19:25:13] [Server thread/WARN]: .ProGamer43254 moved too quickly! 57.19999998807907,-100.0,64.19999998807907
[19:25:13] [Server thread/WARN]: .ProGamer43254 moved too quickly! 57.19999998807907,-100.0,64.19999998807907
[19:25:13] [Server thread/WARN]: .ProGamer43254 moved too quickly! 57.19999998807907,-100.0,64.19999998807907
[19:25:13] [Server thread/WARN]: .ProGamer43254 moved too quickly! 57.19999998807907,-100.0,64.19999998807907
[19:25:13] [Server thread/WARN]: .ProGamer43254 moved too quickly! 57.19999998807907,-100.0,64.19999998807907
[19:25:13] [Server thread/WARN]: .ProGamer43254 moved too quickly! 57.19999998807907,-100.0,64.19999998807907
[19:25:13] [Server thread/WARN]: .ProGamer43254 moved too quickly! 57.19999998807907,-100.0,64.19999998807907
[19:25:13] [Server thread/WARN]: .ProGamer43254 moved too quickly! 57.19999998807907,-100.0,64.19999998807907
[19:25:13] [Server thread/WARN]: .ProGamer43254 moved too quickly! 57.19999998807907,-100.0,64.19999998807907
[19:25:13] [Server thread/WARN]: .ProGamer43254 moved too quickly! 57.19999998807907,-100.0,64.19999998807907
[19:25:13] [Server thread/INFO]: NASAKILL was shot by Arrow
[19:25:23] [Server thread/INFO]: NASAKILL issued server command: /tp NASAKILL 66.5 -25.0 56.5
[19:25:23] [Server thread/INFO]: [NASAKILL: Teleported NASAKILL to 66.500000, -25.000000, 56.500000]
[19:26:38] [Server thread/INFO]: .ProGamer43254 was slain by Silverfish
[19:26:51] [Server thread/INFO]: NASAKILL discovered the floor was lava
[19:26:59] [Server thread/INFO]: NASAKILL issued server command: /tp NASAKILL 59.5 -25.0 57.5
[19:26:59] [Server thread/INFO]: [NASAKILL: Teleported NASAKILL to 59.500000, -25.000000, 57.500000]
[19:27:04] [Server thread/INFO]: .ProGamer43254 issued server command: /tp NASAKILL
[19:27:04] [Server thread/INFO]: [.ProGamer43254: Teleported .ProGamer43254 to NASAKILL]
[19:27:04] [Server thread/WARN]: .ProGamer43254 moved too quickly! 59.37381674051491,-125.36738997551356,49.59977685204688
[19:27:12] [Server thread/INFO]: NASAKILL was slain by Husk
[19:27:18] [Server thread/INFO]: NASAKILL issued server command: /tp NASAKILL 58.5 -25.0 48.5
[19:27:18] [Server thread/INFO]: [NASAKILL: Teleported NASAKILL to 58.500000, -25.000000, 48.500000]
[19:27:38] [Server thread/INFO]: .ProGamer43254 was slain by Husk
[19:27:43] [Server thread/INFO]: NASAKILL was slain by Husk
[19:27:44] [Server thread/INFO]: .ProGamer43254 issued server command: /tp NASAKILL
[19:27:44] [Server thread/INFO]: [.ProGamer43254: Teleported .ProGamer43254 to NASAKILL]
[19:27:44] [Server thread/WARN]: .ProGamer43254 moved too quickly! 79.0,-98.0,57.0
[19:27:44] [Server thread/WARN]: .ProGamer43254 moved too quickly! 79.0,-98.0,57.0
[19:27:44] [Server thread/WARN]: .ProGamer43254 moved too quickly! 79.0,-98.0,57.0
[19:27:44] [Server thread/WARN]: .ProGamer43254 moved too quickly! 79.0,-98.0,57.0
[19:27:44] [Server thread/WARN]: .ProGamer43254 moved too quickly! 79.0,-98.0,57.0
[19:27:44] [Server thread/WARN]: .ProGamer43254 moved too quickly! 79.0,-98.0,57.0
[19:27:44] [Server thread/WARN]: .ProGamer43254 moved too quickly! 79.0,-98.0,57.0
[19:27:44] [Server thread/WARN]: .ProGamer43254 moved too quickly! 79.0,-98.0,57.0
[19:27:44] [Server thread/WARN]: .ProGamer43254 moved too quickly! 79.0,-98.0,57.0
[19:27:48] [Server thread/INFO]: .ProGamer43254 has made the advancement [Sweet Dreams]
[19:27:51] [Server thread/INFO]: NASAKILL issued server command: /tp NASAKILL 53.5 -23.0 47.5
[19:27:51] [Server thread/INFO]: [NASAKILL: Teleported NASAKILL to 53.500000, -23.000000, 47.500000]
[19:28:11] [Server thread/WARN]: .ProGamer43254 moved wrongly!
[19:28:41] [Server thread/INFO]: NASAKILL was shot by Bogged
[19:28:46] [Server thread/INFO]: NASAKILL issued server command: /tp NASAKILL 55.5 -25.0 68.5
[19:28:46] [Server thread/INFO]: [NASAKILL: Teleported NASAKILL to 55.500000, -25.000000, 68.500000]
[19:28:50] [epollEventLoopGroup-4-3/INFO]: [Geyser-Spigot] Player connected with username Loltouall
[19:28:50] [localSession-7-4/INFO]: [Geyser-Spigot] Loltouall (logged in as: Loltouall) has connected to the Java server
[19:28:50] [localSession-7-4/INFO]: [Geyser-Spigot] Loltouall has disconnected from the Java server because of Tried to log in as a Java Edition player! Is Floodgate set up correctly?
[19:28:50] [localSession-7-4/WARN]: [Geyser-Spigot] Cannot reply to ClientboundHelloPacket without profile and access token.
[19:28:50] [Server thread/INFO]: Loltouall (/24.57.60.20:0) lost connection: Disconnected
[19:29:07] [Server thread/INFO]: NASAKILL was shot by NASAKILL
[19:29:18] [Server thread/INFO]: NASAKILL issued server command: /tp NASAKILL 43.5 -25.0 55.5
[19:29:18] [Server thread/INFO]: [NASAKILL: Teleported NASAKILL to 43.500000, -25.000000, 55.500000]
[19:30:14] [Async Chat Thread - #51/INFO]: [Not Secure] <.ProGamer43254> no key
[19:30:38] [Async Chat Thread - #51/INFO]: [Not Secure] <.ProGamer43254> do we have to kill yhe silverfish
[19:31:01] [Server thread/INFO]: NASAKILL was slain by Silverfish
[19:31:05] [Server thread/INFO]: .ProGamer43254 hit the ground too hard
[19:31:06] [Server thread/INFO]: NASAKILL issued server command: /tp NASAKILL 60.5 -25.0 69.5
[19:31:06] [Server thread/INFO]: [NASAKILL: Teleported NASAKILL to 60.500000, -25.000000, 69.500000]
[19:31:13] [Server thread/INFO]: .ProGamer43254 issued server command: /tp NASAKILL
[19:31:13] [Server thread/INFO]: [.ProGamer43254: Teleported .ProGamer43254 to NASAKILL]
[19:31:13] [Server thread/WARN]: .ProGamer43254 moved too quickly! -23.313645973708432,-7.471930098276452,-2.4001128547919564
[19:31:13] [Server thread/WARN]: .ProGamer43254 moved too quickly! -23.313645973708432,-7.471930098276452,-2.4001128547919564
[19:31:33] [Async Chat Thread - #51/INFO]: <NASAKILL> Any silverfish left
[19:32:19] [Server thread/INFO]: .ProGamer43254 has reached the goal [Revaulting]
[19:32:32] [Async Chat Thread - #51/INFO]: [Not Secure] <.ProGamer43254> all of it
[19:32:39] [Async Chat Thread - #51/INFO]: <NASAKILL> what else
[19:33:22] [Async Chat Thread - #51/INFO]: [Not Secure] <.ProGamer43254> no heavy core
[19:33:22] [Async Chat Thread - #51/INFO]: <NASAKILL> heavy core?
[19:33:25] [Async Chat Thread - #51/INFO]: <NASAKILL> oh
[19:34:00] [Async Chat Thread - #51/INFO]: <NASAKILL> any ominus bottles?
[19:34:21] [Async Chat Thread - #51/INFO]: [Not Secure] <.ProGamer43254> nope
[19:34:33] [epollEventLoopGroup-4-4/INFO]: [Geyser-Spigot] Player connected with username Loltouall
[19:34:33] [localSession-7-1/INFO]: [Geyser-Spigot] Loltouall (logged in as: Loltouall) has connected to the Java server
[19:34:33] [Server thread/INFO]: [floodgate] Floodgate player logged in as .Loltouall joined (UUID: 00000000-0000-0000-0009-01f03e401b19)
[19:34:33] [Server thread/INFO]: .Loltouall joined the game
[19:34:33] [Server thread/INFO]: .Loltouall[/24.57.60.20:0] logged in with entity id 15118 at ([Nasakills server]56.99912, -18.07406, 55.941597)
[19:34:52] [Async Chat Thread - #52/INFO]: <NASAKILL> armor trims
[19:35:30] [Server thread/INFO]: .Loltouall issued server command: /tp NASAKILL
[19:35:30] [Server thread/INFO]: [.Loltouall: Teleported .Loltouall to NASAKILL]
[19:35:34] [Geyser Spigot connection thread-6-2/INFO]: [floodgate] Floodgate player logged in as .Loltouall disconnected
[19:35:34] [localSession-7-1/INFO]: [Geyser-Spigot] Loltouall has disconnected from the Java server because of Bedrock client disconnected
[19:35:34] [Server thread/INFO]: .Loltouall lost connection: Disconnected
[19:35:34] [Server thread/INFO]: .Loltouall left the game
[19:35:40] [Async Chat Thread - #51/INFO]: [Not Secure] <.ProGamer43254> wrong skin
[19:36:40] [localSession-7-2/INFO]: [Geyser-Spigot] Loltouall (logged in as: Loltouall) has connected to the Java server
[19:36:40] [epollEventLoopGroup-4-1/INFO]: [Geyser-Spigot] Player connected with username Loltouall
[19:36:41] [Server thread/INFO]: [floodgate] Floodgate player logged in as .Loltouall joined (UUID: 00000000-0000-0000-0009-01f03e401b19)
[19:36:41] [Server thread/INFO]: .Loltouall joined the game
[19:36:41] [Server thread/INFO]: .Loltouall[/24.57.60.20:0] logged in with entity id 15293 at ([Nasakills server]83.34185, -25.8, 39.30337)
[19:36:51] [Async Chat Thread - #53/INFO]: <NASAKILL> yooo
[19:36:52] [localSession-7-2/INFO]: [Geyser-Spigot] Loltouall has disconnected from the Java server because of Bedrock client timed out
[19:36:52] [Geyser Spigot connection thread-6-3/INFO]: [floodgate] Floodgate player logged in as .Loltouall disconnected
[19:36:52] [Server thread/INFO]: .Loltouall lost connection: Disconnected
[19:36:52] [Server thread/INFO]: .Loltouall left the game
[19:37:06] [epollEventLoopGroup-4-2/INFO]: [Geyser-Spigot] Player connected with username Loltouall
[19:37:06] [localSession-7-3/INFO]: [Geyser-Spigot] Loltouall (logged in as: Loltouall) has connected to the Java server
[19:37:06] [Server thread/INFO]: [floodgate] Floodgate player logged in as .Loltouall joined (UUID: 00000000-0000-0000-0009-01f03e401b19)
[19:37:06] [Server thread/INFO]: .Loltouall joined the game
[19:37:06] [Server thread/INFO]: .Loltouall[/24.57.60.20:0] logged in with entity id 15339 at ([Nasakills server]83.34185, -25.8, 39.30337)
[19:37:25] [Async Chat Thread - #55/INFO]: [Not Secure] <.Loltouall> you mere mortals
[19:37:30] [Async Chat Thread - #55/INFO]: <NASAKILL> lol
[19:37:30] [Async Chat Thread - #55/INFO]: [Not Secure] <.Loltouall> dare awake me
[19:37:39] [Async Chat Thread - #55/INFO]: [Not Secure] <.Loltouall> i shall give you my rath
[19:37:59] [Server thread/INFO]: .Loltouall issued server command: /tp NASAKILL
[19:37:59] [Server thread/INFO]: [.Loltouall: Teleported .Loltouall to NASAKILL]
[19:37:59] [Server thread/WARN]: .Loltouall moved too quickly! 20.603608912995455,8.0,0.7101927630582594
[19:37:59] [Server thread/WARN]: .Loltouall moved too quickly! 20.603608912995455,8.0,0.7101927630582594
[19:38:58] [Server thread/INFO]: NASAKILL was shot by Bogged
[19:39:05] [Async Chat Thread - #56/INFO]: [Not Secure] <.Loltouall> give me a minute
[19:39:08] [Server thread/INFO]: NASAKILL issued server command: /tp NASAKILL 83.5 -13.0 36.5
[19:39:08] [Server thread/INFO]: [NASAKILL: Teleported NASAKILL to 83.500000, -13.000000, 36.500000]
[19:39:19] [Async Chat Thread - #57/INFO]: <NASAKILL> yoo help
[19:39:43] [Server thread/INFO]: NASAKILL was slain by .Loltouall
[19:39:48] [Async Chat Thread - #57/INFO]: <NASAKILL> bruh
[19:39:53] [Server thread/INFO]: NASAKILL issued server command: /tp NASAKILL 75.5 -12.0 31.5
[19:39:53] [Server thread/INFO]: [NASAKILL: Teleported NASAKILL to 75.500000, -12.000000, 31.500000]
[19:39:57] [Async Chat Thread - #56/INFO]: [Not Secure] <.Loltouall> i have saved you
[19:40:09] [Server thread/INFO]: NASAKILL was shot by Bogged
[19:40:15] [Server thread/INFO]: NASAKILL issued server command: /tp NASAKILL 84.5 -13.0 37.5
[19:40:15] [Server thread/INFO]: [NASAKILL: Teleported NASAKILL to 84.500000, -13.000000, 37.500000]
[19:42:17] [Server thread/INFO]: .Loltouall issued server command: /gamemode survival
[19:42:17] [Server thread/INFO]: [.Loltouall: Set own game mode to Survival Mode]
[19:42:38] [Server thread/INFO]: .Loltouall issued server command: /gamemode creative
[19:42:38] [Server thread/INFO]: [.Loltouall: Set own game mode to Creative Mode]
[19:42:39] [Server thread/INFO]: NASAKILL fell from a high place
[19:44:09] [Async Chat Thread - #58/INFO]: [Not Secure] <.Loltouall> i almost gave u 64
[19:44:13] [Async Chat Thread - #59/INFO]: <NASAKILL> lol
[19:44:38] [Server thread/INFO]: .Loltouall issued server command: /gamemode spectator
[19:44:38] [Server thread/INFO]: [.Loltouall: Set own game mode to Spectator Mode]
[19:45:24] [Async Chat Thread - #60/INFO]: [Not Secure] <.ProGamer43254> coms
[19:45:27] [Async Chat Thread - #61/INFO]: [Not Secure] <.ProGamer43254> come
[19:45:36] [Async Chat Thread - #60/INFO]: [Not Secure] <.ProGamer43254> i found a secret trial room
[19:46:17] [Server thread/INFO]: .Loltouall issued server command: /gamemode creative
[19:46:17] [Server thread/INFO]: [.Loltouall: Set own game mode to Creative Mode]
[19:47:16] [Server thread/INFO]: .ProGamer43254 issued server command: /tp NASAKILL .ProGamer43254
[19:47:16] [Server thread/INFO]: [.ProGamer43254: Teleported NASAKILL to .ProGamer43254]
[19:48:17] [Server thread/INFO]: .ProGamer43254 was slain by Slime
[19:48:26] [Server thread/INFO]: .ProGamer43254 issued server command: /tp NASAKILL
[19:48:26] [Server thread/INFO]: [.ProGamer43254: Teleported .ProGamer43254 to NASAKILL]
[19:48:26] [Server thread/WARN]: .ProGamer43254 moved too quickly! 13.800000011920929,19.0,-4.718346636852054
[19:48:26] [Server thread/WARN]: .ProGamer43254 moved too quickly! 13.800000011920929,19.0,-4.718346636852054
[19:54:39] [Server thread/INFO]: .ProGamer43254 hit the ground too hard
[20:00:27] [Async Chat Thread - #62/INFO]: <NASAKILL> sorry
[20:00:31] [Async Chat Thread - #62/INFO]: [Not Secure] <.ProGamer43254> hey
[20:00:32] [Async Chat Thread - #63/INFO]: <NASAKILL> i was eat food
[20:00:36] [Async Chat Thread - #63/INFO]: <NASAKILL> irl
[20:00:37] [Async Chat Thread - #63/INFO]: [Not Secure] <.ProGamer43254> i have a base now
[20:00:43] [Server thread/INFO]: NASAKILL issued server command: /tp .ProGamer43254
[20:00:43] [Server thread/INFO]: [NASAKILL: Teleported NASAKILL to .ProGamer43254]
[20:00:59] [Async Chat Thread - #62/INFO]: <NASAKILL> how i lose all my iorn stuff
[20:01:07] [Async Chat Thread - #62/INFO]: [Not Secure] <.ProGamer43254> it br9ke
[20:01:17] [Async Chat Thread - #62/INFO]: <NASAKILL> yeh your right
[20:02:40] [Server thread/INFO]: .Loltouall issued server command: /time set day
[20:02:40] [Server thread/INFO]: [.Loltouall: Set the time to 1000]
[20:03:14] [Async Chat Thread - #64/INFO]: [Not Secure] <.ProGamer43254> no stealing
[20:03:35] [Server thread/INFO]: NASAKILL was slain by .ProGamer43254
[20:03:38] [Async Chat Thread - #65/INFO]: <NASAKILL> lol
[20:04:16] [Async Chat Thread - #64/INFO]: <NASAKILL> perm world?
[20:04:23] [Async Chat Thread - #65/INFO]: [Not Secure] <.ProGamer43254> yes
[20:05:02] [Server thread/INFO]: NASAKILL was slain by .ProGamer43254
[20:05:48] [Server thread/INFO]: .Loltouall issued server command: /tp .ProGamer43254
[20:05:48] [Server thread/INFO]: [.Loltouall: Teleported .Loltouall to .ProGamer43254]
[20:05:48] [Server thread/WARN]: .Loltouall moved too quickly! -139.189365,123.02498,-121.06268800000001
[20:05:48] [Server thread/WARN]: .Loltouall moved too quickly! -139.189365,123.02498,-121.06268800000001
[20:05:48] [Server thread/WARN]: .Loltouall moved too quickly! -139.189365,123.02498,-121.06268800000001
[20:05:48] [Server thread/WARN]: .Loltouall moved too quickly! -139.189365,123.02498,-121.06268800000001
[20:05:48] [Server thread/WARN]: .Loltouall moved too quickly! -139.189365,123.02498,-121.06268800000001
[20:05:48] [Server thread/WARN]: .Loltouall moved too quickly! -139.189365,123.02498,-121.06268800000001
[20:05:48] [Server thread/WARN]: .Loltouall moved too quickly! -139.189365,123.02498,-121.06268800000001
[20:05:48] [Server thread/WARN]: .Loltouall moved too quickly! -139.189365,123.02498,-121.06268800000001
[20:05:48] [Server thread/WARN]: .Loltouall moved too quickly! -139.189365,123.02498,-121.06268800000001
[20:05:48] [Server thread/WARN]: .Loltouall moved too quickly! -139.189365,123.02498,-121.06268800000001
[20:05:48] [Server thread/WARN]: .Loltouall moved too quickly! -139.189365,123.02498,-121.06268800000001
[20:05:48] [Server thread/WARN]: .Loltouall moved too quickly! -139.189365,123.02498,-121.06268800000001
[20:05:48] [Server thread/WARN]: .Loltouall moved too quickly! -139.189365,123.02498,-121.06268800000001
[20:05:48] [Server thread/WARN]: .Loltouall moved too quickly! -139.189365,123.02498,-121.06268800000001
[20:05:48] [Server thread/WARN]: .Loltouall moved too quickly! -139.189365,123.02498,-121.06268800000001
[20:05:48] [Server thread/WARN]: .Loltouall moved too quickly! -139.189365,123.02498,-121.06268800000001
[20:05:48] [Server thread/WARN]: .Loltouall moved too quickly! -139.189365,123.02498,-121.06268800000001
[20:05:48] [Server thread/WARN]: .Loltouall moved too quickly! -139.189365,123.02498,-121.06268800000001
[20:05:48] [Server thread/WARN]: .Loltouall moved too quickly! -139.189365,123.02498,-121.06268800000001
[20:05:48] [Server thread/WARN]: .Loltouall moved too quickly! -139.189365,123.02498,-121.06268800000001
[20:05:48] [Server thread/WARN]: .Loltouall moved too quickly! -139.189365,123.02498,-121.06268800000001
[20:05:48] [Server thread/WARN]: .Loltouall moved too quickly! -139.189365,123.02498,-121.06268800000001
[20:06:27] [Async Chat Thread - #67/INFO]: [Not Secure] <.ProGamer43254> come
[20:06:35] [Async Chat Thread - #66/INFO]: [Not Secure] <.ProGamer43254> ratey interior design
[20:07:01] [Server thread/INFO]: .ProGamer43254 issued server command: /smite
[20:07:21] [Server thread/INFO]: .ProGamer43254 issued server command: /bossbar hey
[20:09:30] [Server thread/INFO]: .Loltouall issued server command: /random
[20:09:39] [Server thread/INFO]: .Loltouall issued server command: /random 5000
[20:12:54] [Server thread/INFO]: NASAKILL lost connection: Disconnected
[20:12:54] [Server thread/INFO]: NASAKILL left the game
[20:13:23] [localSession-7-3/INFO]: [Geyser-Spigot] Loltouall has disconnected from the Java server because of Bedrock client disconnected
[20:13:23] [Geyser Spigot connection thread-6-4/INFO]: [floodgate] Floodgate player logged in as .Loltouall disconnected
[20:13:23] [Server thread/INFO]: .Loltouall lost connection: Disconnected
[20:13:23] [Server thread/INFO]: .Loltouall left the game
[20:13:29] [localSession-7-3/INFO]: [Geyser-Spigot] ProGamer43254 has disconnected from the Java server because of Bedrock client disconnected
[20:13:29] [Geyser Spigot connection thread-6-4/INFO]: [floodgate] Floodgate player logged in as .ProGamer43254 disconnected
[20:13:30] [Server thread/INFO]: .ProGamer43254 lost connection: Disconnected
[20:13:30] [Server thread/INFO]: .ProGamer43254 left the game
[20:15:32] [User Authenticator #7/INFO]: UUID of player NASAKILL is a44e35f0-2af3-49fe-a1a4-927c7be319a1
[20:15:33] [Server thread/INFO]: NASAKILL joined the game
[20:15:33] [Server thread/INFO]: NASAKILL[/172.56.69.88:45388] logged in with entity id 20079 at ([Nasakills server]-38.515934577115104, 117.0, -42.078784692022985)
[20:16:05] [Server thread/INFO]: NASAKILL issued server command: /difficulty peaceful
[20:16:05] [Server thread/INFO]: [NASAKILL: The difficulty has been set to Peaceful]
[20:17:32] [Server thread/INFO]: NASAKILL lost connection: Timed out
[20:17:32] [Server thread/INFO]: NASAKILL left the game
[21:58:21] [Server thread/INFO]: NASAKILL (/172.56.69.88:14663) lost connection: Disconnected
[22:00:11] [User Authenticator #8/INFO]: UUID of player NASAKILL is a44e35f0-2af3-49fe-a1a4-927c7be319a1
[22:00:16] [Server thread/INFO]: NASAKILL joined the game
[22:00:16] [Server thread/INFO]: NASAKILL[/172.56.69.88:1533] logged in with entity id 20184 at ([Nasakills server]-40.51225934688355, 118.5625, -45.84220616742194)
[22:00:44] [Server thread/INFO]: NASAKILL issued server command: /time set day
[22:00:44] [Server thread/INFO]: [NASAKILL: Set the time to 1000]
[22:03:48] [Server thread/INFO]: NASAKILL has made the advancement [Sound of Music]
[22:10:35] [epollEventLoopGroup-4-3/INFO]: [Geyser-Spigot] Player connected with username Jaden delete
[22:10:35] [localSession-7-4/INFO]: [Geyser-Spigot] Jaden delete (logged in as: Jaden_delete) has connected to the Java server
[22:10:35] [localSession-7-4/INFO]: [Geyser-Spigot] Jaden delete has disconnected from the Java server because of Tried to log in as a Java Edition player! Is Floodgate set up correctly?
[22:10:35] [localSession-7-4/WARN]: [Geyser-Spigot] Cannot reply to ClientboundHelloPacket without profile and access token.
[22:10:35] [Server thread/INFO]: Jaden_delete (/174.195.39.188:0) lost connection: Disconnected
[22:11:00] [Server thread/INFO]: NASAKILL issued server command: /give NASAKILL minecraft:heavy_core
[22:11:00] [Server thread/INFO]: [NASAKILL: Gave 1 [Heavy Core] to NASAKILL]
[22:11:16] [epollEventLoopGroup-4-4/INFO]: [Geyser-Spigot] Player connected with username Jaden delete
[22:11:16] [localSession-7-1/INFO]: [Geyser-Spigot] Jaden delete (logged in as: Jaden_delete) has connected to the Java server
[22:11:17] [Server thread/INFO]: [floodgate] Floodgate player logged in as .Jaden_delete joined (UUID: 00000000-0000-0000-0009-01f40d527fa6)
[22:11:17] [Server thread/INFO]: .Jaden_delete joined the game
[22:11:17] [Server thread/INFO]: .Jaden_delete[/174.195.39.188:0] logged in with entity id 20497 at ([Nasakills server]-1.5, 105.0, -2.5)
[22:11:18] [WebSocketConnectReadThread-407/INFO]: [floodgate] Got a message from skin uploader: received a skin with invalid geometry: cube doesn't have uv
[22:11:18] [WebSocketConnectReadThread-86/INFO]: [Geyser-Spigot] Got a message from skin uploader: received a skin with invalid geometry: cube doesn't have uv
[22:11:26] [Server thread/INFO]: NASAKILL issued server command: /tpa .Jaden_delete
[22:12:10] [Server thread/INFO]: .Jaden_delete was slain by NASAKILL using [my Mace]
[22:12:31] [Async Chat Thread - #70/INFO]: [Not Secure] <.Jaden_delete> bruh
[22:12:48] [Async Chat Thread - #70/INFO]: <NASAKILL> made two maces
[22:12:58] [Server thread/INFO]: (Light) .Jaden_delete was flagged for NoFallA (1/20)
[22:12:58] [Server thread/INFO]: (Light) .Jaden_delete was flagged for NoFallA (2/20)
[22:15:46] [Server thread/INFO]: .Jaden_delete was slain by NASAKILL
[22:16:33] [Server thread/INFO]: NASAKILL issued server command: /difficulty normal
[22:16:33] [Server thread/INFO]: [NASAKILL: The difficulty has been set to Normal]
[22:16:49] [Server thread/INFO]: .Jaden_delete was slain by NASAKILL
[22:17:10] [Server thread/INFO]: .Jaden_delete was slain by NASAKILL using [my Mace]
[22:17:20] [Geyser Spigot connection thread-6-2/INFO]: [floodgate] Floodgate player logged in as .Jaden_delete disconnected
[22:17:20] [localSession-7-1/INFO]: [Geyser-Spigot] Jaden delete has disconnected from the Java server because of Bedrock client disconnected
[22:17:20] [Server thread/INFO]: .Jaden_delete lost connection: Disconnected
[22:17:20] [Server thread/INFO]: .Jaden_delete left the game
[22:18:37] [Server thread/INFO]: NASAKILL issued server command: /difficulty peaceful
[22:18:37] [Server thread/INFO]: [NASAKILL: The difficulty has been set to Peaceful]
[22:21:05] [epollEventLoopGroup-4-1/INFO]: [Geyser-Spigot] Player connected with username Jaden delete
[22:21:05] [localSession-7-2/INFO]: [Geyser-Spigot] Jaden delete (logged in as: Jaden_delete) has connected to the Java server
[22:21:06] [Server thread/INFO]: [floodgate] Floodgate player logged in as .Jaden_delete joined (UUID: 00000000-0000-0000-0009-01f40d527fa6)
[22:21:06] [Server thread/INFO]: .Jaden_delete joined the game
[22:21:06] [Server thread/INFO]: .Jaden_delete[/174.195.39.188:0] logged in with entity id 21046 at ([Nasakills server]16.04829127086835, 71.0, -13.259734244999803)
[22:21:06] [WebSocketConnectReadThread-407/INFO]: [floodgate] Got a message from skin uploader: received a skin with invalid geometry: cube doesn't have uv
[22:21:06] [WebSocketConnectReadThread-86/INFO]: [Geyser-Spigot] Got a message from skin uploader: received a skin with invalid geometry: cube doesn't have uv
[22:21:35] [Geyser Spigot connection thread-6-3/INFO]: [floodgate] Floodgate player logged in as .Jaden_delete disconnected
[22:21:35] [localSession-7-2/INFO]: [Geyser-Spigot] Jaden delete has disconnected from the Java server because of Bedrock client disconnected
[22:21:35] [Server thread/INFO]: .Jaden_delete lost connection: Disconnected
[22:21:35] [Server thread/INFO]: .Jaden_delete left the game
[22:22:52] [Server thread/INFO]: NASAKILL issued server command: /difficulty normal
[22:22:52] [Server thread/INFO]: [NASAKILL: The difficulty has been set to Normal]
[22:36:28] [Server thread/INFO]: NASAKILL issued server command: /weather clear
[22:36:28] [Server thread/INFO]: [NASAKILL: Set the weather to clear]
[22:39:49] [Server thread/INFO]: NASAKILL issued server command: /tick freeze
[22:39:49] [Server thread/INFO]: [NASAKILL: The game is frozen]
[22:40:34] [Server thread/INFO]: NASAKILL issued server command: /stop
[22:40:34] [Server thread/INFO]: [NASAKILL: Stopping the server]
[22:40:34] [Server thread/INFO]: Stopping server
[22:40:34] [Server thread/INFO]: [JustTPA] Disabling JustTPA vv20240824-beta
[22:40:34] [Server thread/INFO]: [JustTPA] JustTPA disabled
[22:40:34] [Server thread/INFO]: [LightAntiCheat] Disabling LightAntiCheat v1.2.6
[22:40:34] [Server thread/INFO]: [Geyser-Spigot] Disabling Geyser-Spigot v2.4.4-SNAPSHOT
[22:40:34] [Server thread/INFO]: [Geyser-Spigot] Shutting down Geyser.
[22:40:34] [Server thread/INFO]: [Geyser-Spigot] Geyser shutdown successfully.
[22:40:34] [Server thread/INFO]: [ViaVersion] Disabling ViaVersion v5.1.0
[22:40:34] [Server thread/INFO]: [ViaVersion] ViaVersion has been disabled; uninjected the platform and shut down the scheduler.
[22:40:34] [Server thread/INFO]: [floodgate] Disabling floodgate v2.2.3-SNAPSHOT (b113-06f2ed9)
[22:40:34] [Server thread/INFO]: Saving players
[22:40:34] [Server thread/INFO]: NASAKILL lost connection: Server closed
[22:40:34] [Server thread/INFO]: NASAKILL left the game
[22:40:34] [WebSocketConnectReadThread-86/INFO]: [Geyser-Spigot] The skin uploader has been closed
[22:40:35] [Server thread/INFO]: Saving worlds
[22:40:35] [Server thread/INFO]: Saving chunks for level 'ServerLevel[Nasakills server]'/minecraft:overworld
[22:40:35] [Server thread/INFO]: [ChunkHolderManager] Waiting 60s for chunk system to halt for world 'Nasakills server'
[22:40:35] [Server thread/INFO]: [ChunkHolderManager] Halted chunk system for world 'Nasakills server'
[22:40:35] [Server thread/INFO]: [ChunkHolderManager] Saving all chunkholders for world 'Nasakills server'
[22:40:35] [Server thread/INFO]: [ChunkHolderManager] Saved 229 block chunks, 163 entity chunks, 0 poi chunks in world 'Nasakills server' in 0.54s
[22:40:35] [Server thread/INFO]: Saving chunks for level 'ServerLevel[Nasakills server_nether]'/minecraft:the_nether
[22:40:35] [Server thread/INFO]: [ChunkHolderManager] Waiting 60s for chunk system to halt for world 'Nasakills server_nether'
[22:40:35] [Server thread/INFO]: [ChunkHolderManager] Halted chunk system for world 'Nasakills server_nether'
[22:40:35] [Server thread/INFO]: [ChunkHolderManager] Saving all chunkholders for world 'Nasakills server_nether'
[22:40:36] [Server thread/INFO]: [ChunkHolderManager] Saved 792 block chunks, 4 entity chunks, 0 poi chunks in world 'Nasakills server_nether' in 0.53s
[22:40:36] [Server thread/INFO]: Saving chunks for level 'ServerLevel[Nasakills server_the_end]'/minecraft:the_end
[22:40:36] [Server thread/INFO]: [ChunkHolderManager] Waiting 60s for chunk system to halt for world 'Nasakills server_the_end'
[22:40:36] [Server thread/INFO]: [ChunkHolderManager] Halted chunk system for world 'Nasakills server_the_end'
[22:40:36] [Server thread/INFO]: [ChunkHolderManager] Saving all chunkholders for world 'Nasakills server_the_end'
[22:40:36] [Server thread/INFO]: [ChunkHolderManager] Saved 792 block chunks, 10 entity chunks, 0 poi chunks in world 'Nasakills server_the_end' in 0.68s
[22:40:36] [Server thread/INFO]: ThreadedAnvilChunkStorage (Nasakills server): All chunks are saved
[22:40:36] [Server thread/INFO]: ThreadedAnvilChunkStorage (DIM-1): All chunks are saved
[22:40:36] [Server thread/INFO]: ThreadedAnvilChunkStorage (DIM1): All chunks are saved
[22:40:36] [Server thread/INFO]: ThreadedAnvilChunkStorage: All dimensions are saved
