(2024-11-03 13:27:23) .ProGamer43254 was flagged [Check: KillAuraD (Impossible)] [Violations: 1/5] [TPS: 20.00] [Ping: 0ms (high stability)] [Client: Geyser] [Location: Nasakills server_nether -132.50 63.00 -85.70]
(2024-11-03 13:27:25) .ProGamer43254 was flagged [Check: KillAuraD (Impossible)] [Violations: 3/5] [TPS: 20.00] [Ping: 0ms (high stability)] [Client: Geyser] [Location: Nasakills server_nether -131.98 63.00 -85.58]
(2024-11-03 13:27:27) .ProGamer43254 was flagged [Check: KillAuraD (Impossible)] [Violations: 4/5] [TPS: 20.00] [Ping: 0ms (high stability)] [Client: Geyser] [Location: Nasakills server_nether -130.33 63.00 -84.75]
(2024-11-03 13:54:10) .ProGamer43254 was flagged [Check: VelocityA (AntiKnockback)] [Violations: 1/12] [TPS: 20.00] [Ping: 0ms (high stability)] [Client: Geyser] [Location: Nasakills server 234.72 68.00 -78.11]
(2024-11-03 14:00:47) .ProGamer43254 was flagged [Check: BoatA (Boat)] [Violations: 1/35] [TPS: 20.00] [Ping: 1ms (high stability)] [Client: Geyser] [Location: Nasakills server 490.72 63.02 -153.49]
(2024-11-03 14:00:48) .ProGamer43254 was flagged [Check: BoatA (Boat)] [Violations: 13/35] [TPS: 20.00] [Ping: 1ms (high stability)] [Client: Geyser] [Location: Nasakills server 507.88 63.02 -158.27]
(2024-11-03 14:00:49) .ProGamer43254 was flagged [Check: BoatA (Boat)] [Violations: 32/35] [TPS: 19.95] [Ping: 1ms (high stability)] [Client: Geyser] [Location: Nasakills server 527.44 63.02 -167.59]
(2024-11-03 14:00:49) .ProGamer43254 was punished [Check: BoatA (Boat)] [Violations: 35/35] [TPS: 19.95]  [Ping: 1ms (high stability)] [Client: Geyser] [Location: Nasakills server 537.98 63.02 -164.12]
(2024-11-03 14:00:49) .ProGamer43254 was flagged [Check: BoatA (Boat)] [Violations: 1/35] [TPS: 19.95] [Ping: 1ms (high stability)] [Client: Geyser] [Location: Nasakills server 538.30 63.02 -163.57]
(2024-11-03 14:03:52) .ProGamer43254 was flagged [Check: BoatA (Boat)] [Violations: 1/35] [TPS: 20.00] [Ping: 2ms (high stability)] [Client: Geyser] [Location: Nasakills server 955.68 63.02 -263.01]
(2024-11-03 14:03:53) .ProGamer43254 was flagged [Check: BoatA (Boat)] [Violations: 23/35] [TPS: 20.00] [Ping: 2ms (high stability)] [Client: Geyser] [Location: Nasakills server 952.50 63.02 -280.86]
(2024-11-03 14:03:54) .ProGamer43254 was punished [Check: BoatA (Boat)] [Violations: 35/35] [TPS: 19.93]  [Ping: 2ms (high stability)] [Client: Geyser] [Location: Nasakills server 953.59 63.02 -285.23]
(2024-11-03 14:04:22) .ProGamer43254 was flagged [Check: BoatA (Boat)] [Violations: 1/35] [TPS: 20.00] [Ping: 1ms (high stability)] [Client: Geyser] [Location: Nasakills server 954.08 63.02 -285.70]
(2024-11-03 14:04:23) .ProGamer43254 was flagged [Check: BoatA (Boat)] [Violations: 16/35] [TPS: 20.00] [Ping: 1ms (high stability)] [Client: Geyser] [Location: Nasakills server 955.51 63.02 -287.37]
(2024-11-03 14:15:31) .ProGamer43254 was flagged [Check: LiquidWalkB (Jesus)] [Violations: 1/40] [TPS: 20.00] [Ping: 1ms (high stability)] [Client: Geyser] [Location: Nasakills server 1892.97 62.68 -696.96]
(2024-11-03 14:16:33) .ProGamer43254 was flagged [Check: LiquidWalkB (Jesus)] [Violations: 3/40] [TPS: 20.00] [Ping: 1ms (high stability)] [Client: Geyser] [Location: Nasakills server 2136.33 63.12 -767.57]
(2024-11-03 14:31:53) .ProGamer43254 was flagged [Check: FlightC (Vector)] [Violations: 1/40] [TPS: 19.20] [Ping: 1ms (high stability)] [Client: Geyser] [Location: Nasakills server 1948.48 41.23 -758.29]
(2024-11-03 14:32:08) .ProGamer43254 was flagged [Check: BlockPlaceA (Rotation)] [Violations: 1/10] [TPS: 19.18] [Ping: 1ms (high stability)] [Client: Geyser] [Location: Nasakills server 1926.88 39.00 -763.30]
(2024-11-03 14:34:33) .ProGamer43254 was flagged [Check: FlightC (Vector)] [Violations: 1/40] [TPS: 20.00] [Ping: 1ms (high stability)] [Client: Geyser] [Location: Nasakills server 1930.42 37.25 -762.81]
(2024-11-03 14:43:37) .ProGamer43254 was flagged [Check: FlightB (Height)] [Violations: 1/40] [TPS: 20.00] [Ping: 0ms (high stability)] [Client: Geyser] [Location: Nasakills server_the_end 27.96 84.38 4.92]
(2024-11-03 14:46:50) .ProGamer43254 was flagged [Check: VelocityA (AntiKnockback)] [Violations: 1/12] [TPS: 20.00] [Ping: 1ms (high stability)] [Client: Geyser] [Location: Nasakills server_the_end -20.99 64.00 4.24]
(2024-11-03 14:46:51) .ProGamer43254 was flagged [Check: VelocityA (AntiKnockback)] [Violations: 2/12] [TPS: 20.00] [Ping: 1ms (high stability)] [Client: Geyser] [Location: Nasakills server_the_end -21.12 64.00 5.22]
(2024-11-03 14:46:52) .ProGamer43254 was flagged [Check: VelocityA (AntiKnockback)] [Violations: 3/12] [TPS: 20.00] [Ping: 1ms (high stability)] [Client: Geyser] [Location: Nasakills server_the_end -20.21 64.00 5.61]
(2024-11-03 14:48:21) .ProGamer43254 was flagged [Check: JumpA (Speed)] [Violations: 1/20] [TPS: 20.00] [Ping: 0ms (high stability)] [Client: Geyser] [Location: Nasakills server_the_end -11.44 65.00 7.67]
(2024-11-03 16:11:53) .Jaden_delete was flagged [Check: VelocityA (AntiKnockback)] [Violations: 1/12] [TPS: 20.00] [Ping: 0ms (high stability)] [Client: Geyser] [Location: Nasakills server -2.67 65.00 11.17]
(2024-11-03 16:13:09) .Jaden_delete was flagged [Check: VelocityA (AntiKnockback)] [Violations: 1/12] [TPS: 20.00] [Ping: 0ms (high stability)] [Client: Geyser] [Location: Nasakills server 26.93 63.00 25.19]
(2024-11-03 17:15:50) ThatDomino1 was punished [Check: CriticalsA (Packet)] [Violations: 1/1] [TPS: 20.00]  [Ping: 45ms (high stability)] [Client: Fabric] [Location: Nasakills server 5.84 124.80 70.08]
(2024-11-03 17:15:50) ThatDomino1 was flagged [Check: CriticalsA (Packet)] [Violations: 1/1] [TPS: 20.00] [Ping: 45ms (high stability)] [Client: Fabric] [Location: Nasakills server 5.84 124.80 70.08]
(2024-11-03 17:15:50) ThatDomino1 was punished [Check: CriticalsA (Packet)] [Violations: 1/1] [TPS: 20.00]  [Ping: 45ms (high stability)] [Client: Fabric] [Location: Nasakills server 5.84 124.80 70.08]
(2024-11-03 17:15:50) ThatDomino1 was flagged [Check: CriticalsA (Packet)] [Violations: 1/1] [TPS: 20.00] [Ping: 45ms (high stability)] [Client: Fabric] [Location: Nasakills server 5.84 124.80 70.08]
(2024-11-03 17:17:55) ThatDomino1 was punished [Check: CriticalsA (Packet)] [Violations: 1/1] [TPS: 20.00]  [Ping: 37ms (high stability)] [Client: Fabric] [Location: Nasakills server 5.43 85.54 -23.30]
(2024-11-03 17:17:56) ThatDomino1 was punished [Check: CriticalsA (Packet)] [Violations: 1/1] [TPS: 20.00]  [Ping: 37ms (high stability)] [Client: Fabric] [Location: Nasakills server 5.43 85.54 -23.30]
(2024-11-03 17:17:55) ThatDomino1 was flagged [Check: CriticalsA (Packet)] [Violations: 1/1] [TPS: 20.00] [Ping: 37ms (high stability)] [Client: Fabric] [Location: Nasakills server 5.43 85.54 -23.30]
(2024-11-03 17:17:55) ThatDomino1 was flagged [Check: CriticalsA (Packet)] [Violations: 1/1] [TPS: 20.00] [Ping: 37ms (high stability)] [Client: Fabric] [Location: Nasakills server 5.43 85.54 -23.30]
(2024-11-03 17:18:03) ThatDomino1 was punished [Check: CriticalsA (Packet)] [Violations: 1/1] [TPS: 20.00]  [Ping: 0ms (high stability)] [Client: Fabric] [Location: Nasakills server 4.67 87.12 -20.26]
(2024-11-03 17:18:03) ThatDomino1 was flagged [Check: CriticalsA (Packet)] [Violations: 1/1] [TPS: 20.00] [Ping: 0ms (high stability)] [Client: Fabric] [Location: Nasakills server 4.67 87.12 -20.26]
(2024-11-03 17:21:51) ThatDomino1 was flagged [Check: CriticalsA (Packet)] [Violations: 1/1] [TPS: 20.00] [Ping: 26ms (high stability)] [Client: Vanilla] [Location: Nasakills server 10.00 75.50 -4.52]
(2024-11-03 17:21:51) ThatDomino1 was flagged [Check: CriticalsA (Packet)] [Violations: 1/1] [TPS: 20.00] [Ping: 26ms (high stability)] [Client: Vanilla] [Location: Nasakills server 10.00 75.50 -4.52]
(2024-11-03 17:21:51) ThatDomino1 was punished [Check: CriticalsA (Packet)] [Violations: 1/1] [TPS: 20.00]  [Ping: 26ms (high stability)] [Client: Vanilla] [Location: Nasakills server 10.00 75.50 -4.52]
(2024-11-03 17:21:51) ThatDomino1 was punished [Check: CriticalsA (Packet)] [Violations: 1/1] [TPS: 20.00]  [Ping: 26ms (high stability)] [Client: Vanilla] [Location: Nasakills server 10.00 75.50 -4.52]
(2024-11-03 17:35:55) ThatDomino1 was flagged [Check: BlockPlaceA (Rotation)] [Violations: 1/10] [TPS: 20.00] [Ping: 35ms (high stability)] [Client: Vanilla] [Location: Nasakills server -20.20 44.00 1.58]
(2024-11-03 17:43:47) ThatDomino1 was flagged [Check: BlockPlaceA (Rotation)] [Violations: 1/10] [TPS: 20.00] [Ping: 43ms (high stability)] [Client: Vanilla] [Location: Nasakills server -34.43 40.00 -17.50]
(2024-11-03 17:43:49) ThatDomino1 was flagged [Check: BlockPlaceA (Rotation)] [Violations: 3/10] [TPS: 20.00] [Ping: 34ms (high stability)] [Client: Vanilla] [Location: Nasakills server -25.86 40.00 -19.56]
(2024-11-03 17:43:51) ThatDomino1 was flagged [Check: BlockPlaceA (Rotation)] [Violations: 4/10] [TPS: 20.00] [Ping: 34ms (high stability)] [Client: Vanilla] [Location: Nasakills server -16.81 40.00 -19.35]
(2024-11-03 17:44:47) ThatDomino1 was flagged [Check: BlockPlaceA (Rotation)] [Violations: 1/10] [TPS: 20.00] [Ping: 36ms (high stability)] [Client: Vanilla] [Location: Nasakills server -32.96 44.00 20.16]
(2024-11-03 17:45:59) ThatDomino1 was flagged [Check: BlockPlaceA (Rotation)] [Violations: 2/10] [TPS: 20.00] [Ping: 37ms (high stability)] [Client: Vanilla] [Location: Nasakills server -2.44 48.00 -49.53]
(2024-11-03 17:46:05) ThatDomino1 was flagged [Check: BlockPlaceA (Rotation)] [Violations: 4/10] [TPS: 20.00] [Ping: 37ms (high stability)] [Client: Vanilla] [Location: Nasakills server -4.37 48.00 -53.94]
(2024-11-03 17:46:44) ThatDomino1 was flagged [Check: BlockPlaceA (Rotation)] [Violations: 5/10] [TPS: 20.00] [Ping: 43ms (high stability)] [Client: Vanilla] [Location: Nasakills server -4.62 48.00 -19.87]
(2024-11-03 17:47:00) ThatDomino1 was flagged [Check: BlockPlaceA (Rotation)] [Violations: 1/10] [TPS: 20.00] [Ping: 36ms (high stability)] [Client: Vanilla] [Location: Nasakills server 14.38 43.00 -15.16]
(2024-11-03 17:47:20) ThatDomino1 was flagged [Check: BlockPlaceA (Rotation)] [Violations: 2/10] [TPS: 20.00] [Ping: 43ms (high stability)] [Client: Vanilla] [Location: Nasakills server -23.93 39.00 -32.88]
(2024-11-03 17:48:51) ThatDomino1 was flagged [Check: BlockPlaceA (Rotation)] [Violations: 3/10] [TPS: 20.00] [Ping: 43ms (high stability)] [Client: Vanilla] [Location: Nasakills server -9.04 33.00 -43.45]
(2024-11-03 17:49:14) ThatDomino1 was flagged [Check: BlockPlaceA (Rotation)] [Violations: 4/10] [TPS: 20.00] [Ping: 36ms (high stability)] [Client: Vanilla] [Location: Nasakills server -7.94 34.00 -33.47]
(2024-11-03 17:50:03) ThatDomino1 was flagged [Check: BlockPlaceA (Rotation)] [Violations: 1/10] [TPS: 20.00] [Ping: 43ms (high stability)] [Client: Vanilla] [Location: Nasakills server 2.92 37.00 -19.04]
(2024-11-03 17:50:09) ThatDomino1 was flagged [Check: BlockPlaceA (Rotation)] [Violations: 2/10] [TPS: 20.00] [Ping: 43ms (high stability)] [Client: Vanilla] [Location: Nasakills server 14.11 37.00 -19.20]
(2024-11-03 17:50:19) ThatDomino1 was flagged [Check: BlockPlaceA (Rotation)] [Violations: 3/10] [TPS: 20.00] [Ping: 35ms (high stability)] [Client: Vanilla] [Location: Nasakills server 17.16 37.00 -3.09]
(2024-11-03 17:50:38) ThatDomino1 was flagged [Check: BlockPlaceA (Rotation)] [Violations: 4/10] [TPS: 20.00] [Ping: 43ms (high stability)] [Client: Vanilla] [Location: Nasakills server 30.20 31.00 -10.38]
(2024-11-03 17:50:45) ThatDomino1 was flagged [Check: BlockPlaceA (Rotation)] [Violations: 5/10] [TPS: 20.00] [Ping: 43ms (high stability)] [Client: Vanilla] [Location: Nasakills server 31.66 31.00 1.36]
(2024-11-03 17:50:47) ThatDomino1 was flagged [Check: BlockPlaceA (Rotation)] [Violations: 6/10] [TPS: 20.00] [Ping: 35ms (high stability)] [Client: Vanilla] [Location: Nasakills server 40.59 31.00 1.34]
(2024-11-03 17:50:52) ThatDomino1 was flagged [Check: BlockPlaceA (Rotation)] [Violations: 7/10] [TPS: 20.00] [Ping: 43ms (high stability)] [Client: Vanilla] [Location: Nasakills server 52.81 30.00 1.95]
(2024-11-03 17:50:53) ThatDomino1 was flagged [Check: BlockPlaceA (Rotation)] [Violations: 8/10] [TPS: 20.00] [Ping: 43ms (high stability)] [Client: Vanilla] [Location: Nasakills server 52.25 30.00 2.70]
(2024-11-03 17:52:15) ThatDomino1 was flagged [Check: FlightC (Vector)] [Violations: 1/40] [TPS: 20.00] [Ping: 36ms (high stability)] [Client: Vanilla] [Location: Nasakills server 73.54 -15.58 53.70]
(2024-11-03 17:54:20) ThatDomino1 was flagged [Check: ReachB (Hitbox)] [Violations: 1/6] [TPS: 20.00] [Ping: 37ms (high stability)] [Client: Vanilla] [Location: Nasakills server 73.07 -12.00 35.42]
(2024-11-03 22:12:58) .Jaden_delete was flagged [Check: NoFallA (FallDistance)] [Violations: 1/20] [TPS: 20.00] [Ping: 0ms (high stability)] [Client: Geyser] [Location: Nasakills server 7.22 86.75 -13.00]
