23:08 NASAKILL  : l
23:08 NASAKILL  : l
23:08 NASAKILL  : l
23:08 NASAKILL  : l
23:08 NASAKILL  : lt
23:08 NASAKILL  : l
23:08 NASAKILL  : tl
23:08 NASAKILL  : l
23:08 NASAKILL  : lt
23:08 NASAKILL  : l
23:08 NASAKILL  : l
23:09 NASAKILL  : l
23:09 NASAKILL  : l
23:09 NASAKILL  : l;t
23:09 NASAKILL  : l
23:09 NASAKILL  : l
23:09 NASAKILL  : l
23:09 NASAKILL  : l
23:09 NASAKILL  : l
23:09 NASAKILL  : l
23:09 NASAKILL  : l
23:09 NASAKILL  : l
23:09 NASAKILL  : l
23:09 NASAKILL  : l
23:09 NASAKILL  : l
23:09 NASAKILL  : l
23:09 NASAKILL  : l
23:09 NASAKILL  : l
23:09 NASAKILL  : l
23:09 NASAKILL  : l
23:09 NASAKILL  : l
23:09 NASAKILL  : l
23:09 NASAKILL  : lt
23:09 NASAKILL  : l
23:09 NASAKILL  : l
23:09 NASAKILL  : l
23:09 NASAKILL  : l
23:09 NASAKILL  : l
23:09 NASAKILL  : lt
23:09 NASAKILL  : l
23:09 NASAKILL  : l
23:09 NASAKILL  : tl
23:09 NASAKILL  : l
23:09 NASAKILL  : l
23:09 NASAKILL  : l
23:09 NASAKILL  : l
23:09 NASAKILL  : l
23:13 NASAKILL  : lol
23:19 NASAKILL  : hi
23:19 ThatDomino1: hi nasa
23:20 NASAKILL   : hi
23:20 ThatDomino1: hru
23:20 NASAKILL   : i have the mace
23:20 ThatDomino1: nice
23:26 NASAKILL   : you need a golden shovel to /claim for a base
23:26 ThatDomino1: ok
